[2024-04-02 04:14:40] development.ERROR: Attempt to read property "id" on null {"exception":"[object] (ErrorException(code: 0): Attempt to read property \"id\" on null at /opt/lampp81/htdocs/projects/eGrocerAdminPanel-1.9.8/app/Http/Controllers/Controller.php:164)
[stacktrace]
#0 /opt/lampp81/htdocs/projects/eGrocerAdminPanel-1.9.8/app/Http/Controllers/Controller.php(164): Illuminate\\Foundation\\Bootstrap\\HandleExceptions->handleError()
#1 /opt/lampp81/htdocs/projects/eGrocerAdminPanel-1.9.8/vendor/laravel/framework/src/Illuminate/Routing/Controller.php(54): App\\Http\\Controllers\\Controller->updateToken()
#2 /opt/lampp81/htdocs/projects/eGrocerAdminPanel-1.9.8/vendor/laravel/framework/src/Illuminate/Routing/ControllerDispatcher.php(45): Illuminate\\Routing\\Controller->callAction()
#3 /opt/lampp81/htdocs/projects/eGrocerAdminPanel-1.9.8/vendor/laravel/framework/src/Illuminate/Routing/Route.php(262): Illuminate\\Routing\\ControllerDispatcher->dispatch()
#4 /opt/lampp81/htdocs/projects/eGrocerAdminPanel-1.9.8/vendor/laravel/framework/src/Illuminate/Routing/Route.php(205): Illuminate\\Routing\\Route->runController()
#5 /opt/lampp81/htdocs/projects/eGrocerAdminPanel-1.9.8/vendor/laravel/framework/src/Illuminate/Routing/Router.php(721): Illuminate\\Routing\\Route->run()
#6 /opt/lampp81/htdocs/projects/eGrocerAdminPanel-1.9.8/vendor/laravel/framework/src/Illuminate/Pipeline/Pipeline.php(128): Illuminate\\Routing\\Router->Illuminate\\Routing\\{closure}()
#7 /opt/lampp81/htdocs/projects/eGrocerAdminPanel-1.9.8/vendor/laravel/framework/src/Illuminate/Routing/Middleware/SubstituteBindings.php(50): Illuminate\\Pipeline\\Pipeline->Illuminate\\Pipeline\\{closure}()
#8 /opt/lampp81/htdocs/projects/eGrocerAdminPanel-1.9.8/vendor/laravel/framework/src/Illuminate/Pipeline/Pipeline.php(167): Illuminate\\Routing\\Middleware\\SubstituteBindings->handle()
#9 /opt/lampp81/htdocs/projects/eGrocerAdminPanel-1.9.8/vendor/laravel/framework/src/Illuminate/Foundation/Http/Middleware/VerifyCsrfToken.php(78): Illuminate\\Pipeline\\Pipeline->Illuminate\\Pipeline\\{closure}()
#10 /opt/lampp81/htdocs/projects/eGrocerAdminPanel-1.9.8/vendor/laravel/framework/src/Illuminate/Pipeline/Pipeline.php(167): Illuminate\\Foundation\\Http\\Middleware\\VerifyCsrfToken->handle()
#11 /opt/lampp81/htdocs/projects/eGrocerAdminPanel-1.9.8/vendor/laravel/framework/src/Illuminate/View/Middleware/ShareErrorsFromSession.php(49): Illuminate\\Pipeline\\Pipeline->Illuminate\\Pipeline\\{closure}()
#12 /opt/lampp81/htdocs/projects/eGrocerAdminPanel-1.9.8/vendor/laravel/framework/src/Illuminate/Pipeline/Pipeline.php(167): Illuminate\\View\\Middleware\\ShareErrorsFromSession->handle()
#13 /opt/lampp81/htdocs/projects/eGrocerAdminPanel-1.9.8/vendor/laravel/framework/src/Illuminate/Cookie/Middleware/AddQueuedCookiesToResponse.php(37): Illuminate\\Pipeline\\Pipeline->Illuminate\\Pipeline\\{closure}()
#14 /opt/lampp81/htdocs/projects/eGrocerAdminPanel-1.9.8/vendor/laravel/framework/src/Illuminate/Pipeline/Pipeline.php(167): Illuminate\\Cookie\\Middleware\\AddQueuedCookiesToResponse->handle()
#15 /opt/lampp81/htdocs/projects/eGrocerAdminPanel-1.9.8/vendor/laravel/framework/src/Illuminate/Cookie/Middleware/EncryptCookies.php(67): Illuminate\\Pipeline\\Pipeline->Illuminate\\Pipeline\\{closure}()
#16 /opt/lampp81/htdocs/projects/eGrocerAdminPanel-1.9.8/vendor/laravel/framework/src/Illuminate/Pipeline/Pipeline.php(167): Illuminate\\Cookie\\Middleware\\EncryptCookies->handle()
#17 /opt/lampp81/htdocs/projects/eGrocerAdminPanel-1.9.8/vendor/laravel/framework/src/Illuminate/Pipeline/Pipeline.php(103): Illuminate\\Pipeline\\Pipeline->Illuminate\\Pipeline\\{closure}()
#18 /opt/lampp81/htdocs/projects/eGrocerAdminPanel-1.9.8/vendor/laravel/framework/src/Illuminate/Routing/Router.php(723): Illuminate\\Pipeline\\Pipeline->then()
#19 /opt/lampp81/htdocs/projects/eGrocerAdminPanel-1.9.8/vendor/laravel/framework/src/Illuminate/Routing/Router.php(698): Illuminate\\Routing\\Router->runRouteWithinStack()
#20 /opt/lampp81/htdocs/projects/eGrocerAdminPanel-1.9.8/vendor/laravel/framework/src/Illuminate/Routing/Router.php(662): Illuminate\\Routing\\Router->runRoute()
#21 /opt/lampp81/htdocs/projects/eGrocerAdminPanel-1.9.8/vendor/laravel/framework/src/Illuminate/Routing/Router.php(651): Illuminate\\Routing\\Router->dispatchToRoute()
#22 /opt/lampp81/htdocs/projects/eGrocerAdminPanel-1.9.8/vendor/laravel/framework/src/Illuminate/Foundation/Http/Kernel.php(167): Illuminate\\Routing\\Router->dispatch()
#23 /opt/lampp81/htdocs/projects/eGrocerAdminPanel-1.9.8/vendor/laravel/framework/src/Illuminate/Pipeline/Pipeline.php(128): Illuminate\\Foundation\\Http\\Kernel->Illuminate\\Foundation\\Http\\{closure}()
#24 /opt/lampp81/htdocs/projects/eGrocerAdminPanel-1.9.8/app/Http/Middleware/SetLang.php(82): Illuminate\\Pipeline\\Pipeline->Illuminate\\Pipeline\\{closure}()
#25 /opt/lampp81/htdocs/projects/eGrocerAdminPanel-1.9.8/vendor/laravel/framework/src/Illuminate/Pipeline/Pipeline.php(167): App\\Http\\Middleware\\SetLang->handle()
#26 /opt/lampp81/htdocs/projects/eGrocerAdminPanel-1.9.8/vendor/laravel/framework/src/Illuminate/Session/Middleware/StartSession.php(121): Illuminate\\Pipeline\\Pipeline->Illuminate\\Pipeline\\{closure}()
#27 /opt/lampp81/htdocs/projects/eGrocerAdminPanel-1.9.8/vendor/laravel/framework/src/Illuminate/Session/Middleware/StartSession.php(64): Illuminate\\Session\\Middleware\\StartSession->handleStatefulRequest()
#28 /opt/lampp81/htdocs/projects/eGrocerAdminPanel-1.9.8/vendor/laravel/framework/src/Illuminate/Pipeline/Pipeline.php(167): Illuminate\\Session\\Middleware\\StartSession->handle()
#29 /opt/lampp81/htdocs/projects/eGrocerAdminPanel-1.9.8/vendor/laravel/framework/src/Illuminate/Foundation/Http/Middleware/TransformsRequest.php(21): Illuminate\\Pipeline\\Pipeline->Illuminate\\Pipeline\\{closure}()
#30 /opt/lampp81/htdocs/projects/eGrocerAdminPanel-1.9.8/vendor/laravel/framework/src/Illuminate/Foundation/Http/Middleware/ConvertEmptyStringsToNull.php(31): Illuminate\\Foundation\\Http\\Middleware\\TransformsRequest->handle()
#31 /opt/lampp81/htdocs/projects/eGrocerAdminPanel-1.9.8/vendor/laravel/framework/src/Illuminate/Pipeline/Pipeline.php(167): Illuminate\\Foundation\\Http\\Middleware\\ConvertEmptyStringsToNull->handle()
#32 /opt/lampp81/htdocs/projects/eGrocerAdminPanel-1.9.8/vendor/laravel/framework/src/Illuminate/Foundation/Http/Middleware/TransformsRequest.php(21): Illuminate\\Pipeline\\Pipeline->Illuminate\\Pipeline\\{closure}()
#33 /opt/lampp81/htdocs/projects/eGrocerAdminPanel-1.9.8/vendor/laravel/framework/src/Illuminate/Foundation/Http/Middleware/TrimStrings.php(40): Illuminate\\Foundation\\Http\\Middleware\\TransformsRequest->handle()
#34 /opt/lampp81/htdocs/projects/eGrocerAdminPanel-1.9.8/vendor/laravel/framework/src/Illuminate/Pipeline/Pipeline.php(167): Illuminate\\Foundation\\Http\\Middleware\\TrimStrings->handle()
#35 /opt/lampp81/htdocs/projects/eGrocerAdminPanel-1.9.8/vendor/laravel/framework/src/Illuminate/Foundation/Http/Middleware/ValidatePostSize.php(27): Illuminate\\Pipeline\\Pipeline->Illuminate\\Pipeline\\{closure}()
#36 /opt/lampp81/htdocs/projects/eGrocerAdminPanel-1.9.8/vendor/laravel/framework/src/Illuminate/Pipeline/Pipeline.php(167): Illuminate\\Foundation\\Http\\Middleware\\ValidatePostSize->handle()
#37 /opt/lampp81/htdocs/projects/eGrocerAdminPanel-1.9.8/vendor/laravel/framework/src/Illuminate/Foundation/Http/Middleware/PreventRequestsDuringMaintenance.php(86): Illuminate\\Pipeline\\Pipeline->Illuminate\\Pipeline\\{closure}()
#38 /opt/lampp81/htdocs/projects/eGrocerAdminPanel-1.9.8/vendor/laravel/framework/src/Illuminate/Pipeline/Pipeline.php(167): Illuminate\\Foundation\\Http\\Middleware\\PreventRequestsDuringMaintenance->handle()
#39 /opt/lampp81/htdocs/projects/eGrocerAdminPanel-1.9.8/vendor/laravel/framework/src/Illuminate/Http/Middleware/TrustProxies.php(39): Illuminate\\Pipeline\\Pipeline->Illuminate\\Pipeline\\{closure}()
#40 /opt/lampp81/htdocs/projects/eGrocerAdminPanel-1.9.8/vendor/laravel/framework/src/Illuminate/Pipeline/Pipeline.php(167): Illuminate\\Http\\Middleware\\TrustProxies->handle()
#41 /opt/lampp81/htdocs/projects/eGrocerAdminPanel-1.9.8/vendor/laravel/framework/src/Illuminate/Pipeline/Pipeline.php(103): Illuminate\\Pipeline\\Pipeline->Illuminate\\Pipeline\\{closure}()
#42 /opt/lampp81/htdocs/projects/eGrocerAdminPanel-1.9.8/vendor/laravel/framework/src/Illuminate/Foundation/Http/Kernel.php(142): Illuminate\\Pipeline\\Pipeline->then()
#43 /opt/lampp81/htdocs/projects/eGrocerAdminPanel-1.9.8/vendor/laravel/framework/src/Illuminate/Foundation/Http/Kernel.php(111): Illuminate\\Foundation\\Http\\Kernel->sendRequestThroughRouter()
#44 /opt/lampp81/htdocs/projects/eGrocerAdminPanel-1.9.8/public/index.php(60): Illuminate\\Foundation\\Http\\Kernel->handle()
#45 /opt/lampp81/htdocs/projects/eGrocerAdminPanel-1.9.8/server.php(21): require_once('...')
#46 {main}
"} 
[2024-04-02 04:24:23] development.ERROR: Seller Update status send mail error ["Failed to authenticate on SMTP server with username \"info.egrocer@gmail.com\" using 3 possible authenticators. Authenticator LOGIN returned Expected response code 235 but got code \"534\", with message \"534-5.7.9 Application-specific password required. For more information, go to\r\n534 5.7.9  https://support.google.com/mail/?p=InvalidSecondFactor h20-20020a170902f2d400b001e26c4823d0sm487034plc.52 - gsmtp\r\n\". Authenticator PLAIN returned Expected response code 235 but got code \"534\", with message \"534-5.7.9 Application-specific password required. For more information, go to\r\n534 5.7.9  https://support.google.com/mail/?p=InvalidSecondFactor h20-20020a170902f2d400b001e26c4823d0sm487034plc.52 - gsmtp\r\n\". Authenticator XOAUTH2 returned Expected response code 250 but got code \"535\", with message \"535-5.7.8 Username and Password not accepted. For more information, go to\r\n535 5.7.8  https://support.google.com/mail/?p=BadCredentials h20-20020a170902f2d400b001e26c4823d0sm487034plc.52 - gsmtp\r\n\"."] 
[2024-04-02 04:25:01] development.ERROR: Seller Update status send mail error ["Failed to authenticate on SMTP server with username \"info.egrocer@gmail.com\" using 3 possible authenticators. Authenticator LOGIN returned Expected response code 235 but got code \"534\", with message \"534-5.7.9 Application-specific password required. For more information, go to\r\n534 5.7.9  https://support.google.com/mail/?p=InvalidSecondFactor j23-20020a17090a841700b0029c5ed2c9b3sm8723898pjn.21 - gsmtp\r\n\". Authenticator PLAIN returned Expected response code 235 but got code \"534\", with message \"534-5.7.9 Application-specific password required. For more information, go to\r\n534 5.7.9  https://support.google.com/mail/?p=InvalidSecondFactor j23-20020a17090a841700b0029c5ed2c9b3sm8723898pjn.21 - gsmtp\r\n\". Authenticator XOAUTH2 returned Expected response code 250 but got code \"535\", with message \"535-5.7.8 Username and Password not accepted. For more information, go to\r\n535 5.7.8  https://support.google.com/mail/?p=BadCredentials j23-20020a17090a841700b0029c5ed2c9b3sm8723898pjn.21 - gsmtp\r\n\"."] 
[2024-04-02 04:59:12] development.ERROR: Seller Update status send mail error ["Failed to authenticate on SMTP server with username \"info.egrocer@gmail.com\" using 3 possible authenticators. Authenticator LOGIN returned Expected response code 235 but got code \"534\", with message \"534-5.7.9 Application-specific password required. For more information, go to\r\n534 5.7.9  https://support.google.com/mail/?p=InvalidSecondFactor y20-20020a056a00181400b006eadc37bad0sm234442pfa.72 - gsmtp\r\n\". Authenticator PLAIN returned Expected response code 235 but got code \"534\", with message \"534-5.7.9 Application-specific password required. For more information, go to\r\n534 5.7.9  https://support.google.com/mail/?p=InvalidSecondFactor y20-20020a056a00181400b006eadc37bad0sm234442pfa.72 - gsmtp\r\n\". Authenticator XOAUTH2 returned Expected response code 250 but got code \"535\", with message \"535-5.7.8 Username and Password not accepted. For more information, go to\r\n535 5.7.8  https://support.google.com/mail/?p=BadCredentials y20-20020a056a00181400b006eadc37bad0sm234442pfa.72 - gsmtp\r\n\"."] 
[2024-04-02 05:33:29] development.ERROR: Seller Update status send mail error ["Failed to authenticate on SMTP server with username \"info.egrocer@gmail.com\" using 3 possible authenticators. Authenticator LOGIN returned Expected response code 235 but got code \"534\", with message \"534-5.7.9 Application-specific password required. For more information, go to\r\n534 5.7.9  https://support.google.com/mail/?p=InvalidSecondFactor d14-20020a170903230e00b001e06c1eed85sm9997635plh.141 - gsmtp\r\n\". Authenticator PLAIN returned Expected response code 235 but got code \"534\", with message \"534-5.7.9 Application-specific password required. For more information, go to\r\n534 5.7.9  https://support.google.com/mail/?p=InvalidSecondFactor d14-20020a170903230e00b001e06c1eed85sm9997635plh.141 - gsmtp\r\n\". Authenticator XOAUTH2 returned Expected response code 250 but got code \"535\", with message \"535-5.7.8 Username and Password not accepted. For more information, go to\r\n535 5.7.8  https://support.google.com/mail/?p=BadCredentials d14-20020a170903230e00b001e06c1eed85sm9997635plh.141 - gsmtp\r\n\"."] 
[2024-04-02 05:34:37] development.ERROR: Seller Update status send mail error ["Failed to authenticate on SMTP server with username \"info.egrocer@gmail.com\" using 3 possible authenticators. Authenticator LOGIN returned Expected response code 235 but got code \"534\", with message \"534-5.7.9 Application-specific password required. For more information, go to\r\n534 5.7.9  https://support.google.com/mail/?p=InvalidSecondFactor l20-20020a17090a409400b0029b2e5bc1b9sm10792146pjg.23 - gsmtp\r\n\". Authenticator PLAIN returned Expected response code 235 but got code \"534\", with message \"534-5.7.9 Application-specific password required. For more information, go to\r\n534 5.7.9  https://support.google.com/mail/?p=InvalidSecondFactor l20-20020a17090a409400b0029b2e5bc1b9sm10792146pjg.23 - gsmtp\r\n\". Authenticator XOAUTH2 returned Expected response code 250 but got code \"535\", with message \"535-5.7.8 Username and Password not accepted. For more information, go to\r\n535 5.7.8  https://support.google.com/mail/?p=BadCredentials l20-20020a17090a409400b0029b2e5bc1b9sm10792146pjg.23 - gsmtp\r\n\"."] 
[2024-04-02 05:42:33] development.ERROR: Seller Update status send mail error ["Failed to authenticate on SMTP server with username \"info.egrocer@gmail.com\" using 3 possible authenticators. Authenticator LOGIN returned Expected response code 235 but got code \"534\", with message \"534-5.7.9 Application-specific password required. For more information, go to\r\n534 5.7.9  https://support.google.com/mail/?p=InvalidSecondFactor s8-20020a62e708000000b006e6adfb8897sm8912152pfh.156 - gsmtp\r\n\". Authenticator PLAIN returned Expected response code 235 but got code \"534\", with message \"534-5.7.9 Application-specific password required. For more information, go to\r\n534 5.7.9  https://support.google.com/mail/?p=InvalidSecondFactor s8-20020a62e708000000b006e6adfb8897sm8912152pfh.156 - gsmtp\r\n\". Authenticator XOAUTH2 returned Expected response code 250 but got code \"535\", with message \"535-5.7.8 Username and Password not accepted. For more information, go to\r\n535 5.7.8  https://support.google.com/mail/?p=BadCredentials s8-20020a62e708000000b006e6adfb8897sm8912152pfh.156 - gsmtp\r\n\"."] 
[2024-04-02 05:45:30] development.ERROR: Seller Update status send mail error ["Failed to authenticate on SMTP server with username \"info.egrocer@gmail.com\" using 3 possible authenticators. Authenticator LOGIN returned Expected response code 235 but got code \"534\", with message \"534-5.7.9 Application-specific password required. For more information, go to\r\n534 5.7.9  https://support.google.com/mail/?p=InvalidSecondFactor m7-20020a17090ade0700b0029f349cc253sm11077047pjv.54 - gsmtp\r\n\". Authenticator PLAIN returned Expected response code 235 but got code \"534\", with message \"534-5.7.9 Application-specific password required. For more information, go to\r\n534 5.7.9  https://support.google.com/mail/?p=InvalidSecondFactor m7-20020a17090ade0700b0029f349cc253sm11077047pjv.54 - gsmtp\r\n\". Authenticator XOAUTH2 returned Expected response code 250 but got code \"535\", with message \"535-5.7.8 Username and Password not accepted. For more information, go to\r\n535 5.7.8  https://support.google.com/mail/?p=BadCredentials m7-20020a17090ade0700b0029f349cc253sm11077047pjv.54 - gsmtp\r\n\"."] 
[2024-04-02 06:04:06] development.ERROR: Seller Update status send mail error ["Failed to authenticate on SMTP server with username \"info.egrocer@gmail.com\" using 3 possible authenticators. Authenticator LOGIN returned Expected response code 235 but got code \"534\", with message \"534-5.7.9 Application-specific password required. For more information, go to\r\n534 5.7.9  https://support.google.com/mail/?p=InvalidSecondFactor e6-20020a170902d38600b001ddce57bdbfsm10079908pld.308 - gsmtp\r\n\". Authenticator PLAIN returned Expected response code 235 but got code \"534\", with message \"534-5.7.9 Application-specific password required. For more information, go to\r\n534 5.7.9  https://support.google.com/mail/?p=InvalidSecondFactor e6-20020a170902d38600b001ddce57bdbfsm10079908pld.308 - gsmtp\r\n\". Authenticator XOAUTH2 returned Expected response code 250 but got code \"535\", with message \"535-5.7.8 Username and Password not accepted. For more information, go to\r\n535 5.7.8  https://support.google.com/mail/?p=BadCredentials e6-20020a170902d38600b001ddce57bdbfsm10079908pld.308 - gsmtp\r\n\"."] 
[2024-04-02 14:57:34] development.ERROR: The resource owner or authorization server denied the request. {"exception":"[object] (League\\OAuth2\\Server\\Exception\\OAuthServerException(code: 9): The resource owner or authorization server denied the request. at /opt/lampp81/htdocs/projects/eGrocerAdminPanel-1.9.8/vendor/league/oauth2-server/src/Exception/OAuthServerException.php:243)
[stacktrace]
#0 /opt/lampp81/htdocs/projects/eGrocerAdminPanel-1.9.8/vendor/league/oauth2-server/src/AuthorizationValidators/BearerTokenValidator.php(123): League\\OAuth2\\Server\\Exception\\OAuthServerException::accessDenied()
#1 /opt/lampp81/htdocs/projects/eGrocerAdminPanel-1.9.8/vendor/league/oauth2-server/src/ResourceServer.php(84): League\\OAuth2\\Server\\AuthorizationValidators\\BearerTokenValidator->validateAuthorization()
#2 /opt/lampp81/htdocs/projects/eGrocerAdminPanel-1.9.8/vendor/laravel/passport/src/Guards/TokenGuard.php(205): League\\OAuth2\\Server\\ResourceServer->validateAuthenticatedRequest()
#3 /opt/lampp81/htdocs/projects/eGrocerAdminPanel-1.9.8/vendor/laravel/passport/src/Guards/TokenGuard.php(148): Laravel\\Passport\\Guards\\TokenGuard->getPsrRequestViaBearerToken()
#4 /opt/lampp81/htdocs/projects/eGrocerAdminPanel-1.9.8/vendor/laravel/passport/src/Guards/TokenGuard.php(111): Laravel\\Passport\\Guards\\TokenGuard->authenticateViaBearerToken()
#5 /opt/lampp81/htdocs/projects/eGrocerAdminPanel-1.9.8/vendor/laravel/passport/src/PassportServiceProvider.php(309): Laravel\\Passport\\Guards\\TokenGuard->user()
#6 [internal function]: Laravel\\Passport\\PassportServiceProvider->Laravel\\Passport\\{closure}()
#7 /opt/lampp81/htdocs/projects/eGrocerAdminPanel-1.9.8/vendor/laravel/framework/src/Illuminate/Auth/RequestGuard.php(58): call_user_func()
#8 /opt/lampp81/htdocs/projects/eGrocerAdminPanel-1.9.8/vendor/laravel/framework/src/Illuminate/Auth/GuardHelpers.php(60): Illuminate\\Auth\\RequestGuard->user()
#9 /opt/lampp81/htdocs/projects/eGrocerAdminPanel-1.9.8/vendor/laravel/framework/src/Illuminate/Auth/Middleware/Authenticate.php(63): Illuminate\\Auth\\RequestGuard->check()
#10 /opt/lampp81/htdocs/projects/eGrocerAdminPanel-1.9.8/vendor/laravel/framework/src/Illuminate/Auth/Middleware/Authenticate.php(42): Illuminate\\Auth\\Middleware\\Authenticate->authenticate()
#11 /opt/lampp81/htdocs/projects/eGrocerAdminPanel-1.9.8/vendor/laravel/framework/src/Illuminate/Pipeline/Pipeline.php(167): Illuminate\\Auth\\Middleware\\Authenticate->handle()
#12 /opt/lampp81/htdocs/projects/eGrocerAdminPanel-1.9.8/app/Http/Middleware/CustomerUserProvider.php(33): Illuminate\\Pipeline\\Pipeline->Illuminate\\Pipeline\\{closure}()
#13 /opt/lampp81/htdocs/projects/eGrocerAdminPanel-1.9.8/vendor/laravel/framework/src/Illuminate/Pipeline/Pipeline.php(167): App\\Http\\Middleware\\CustomerUserProvider->handle()
#14 /opt/lampp81/htdocs/projects/eGrocerAdminPanel-1.9.8/vendor/laravel/framework/src/Illuminate/Pipeline/Pipeline.php(103): Illuminate\\Pipeline\\Pipeline->Illuminate\\Pipeline\\{closure}()
#15 /opt/lampp81/htdocs/projects/eGrocerAdminPanel-1.9.8/vendor/laravel/framework/src/Illuminate/Routing/Router.php(723): Illuminate\\Pipeline\\Pipeline->then()
#16 /opt/lampp81/htdocs/projects/eGrocerAdminPanel-1.9.8/vendor/laravel/framework/src/Illuminate/Routing/Router.php(698): Illuminate\\Routing\\Router->runRouteWithinStack()
#17 /opt/lampp81/htdocs/projects/eGrocerAdminPanel-1.9.8/vendor/laravel/framework/src/Illuminate/Routing/Router.php(662): Illuminate\\Routing\\Router->runRoute()
#18 /opt/lampp81/htdocs/projects/eGrocerAdminPanel-1.9.8/vendor/laravel/framework/src/Illuminate/Routing/Router.php(651): Illuminate\\Routing\\Router->dispatchToRoute()
#19 /opt/lampp81/htdocs/projects/eGrocerAdminPanel-1.9.8/vendor/laravel/framework/src/Illuminate/Foundation/Http/Kernel.php(167): Illuminate\\Routing\\Router->dispatch()
#20 /opt/lampp81/htdocs/projects/eGrocerAdminPanel-1.9.8/vendor/laravel/framework/src/Illuminate/Pipeline/Pipeline.php(128): Illuminate\\Foundation\\Http\\Kernel->Illuminate\\Foundation\\Http\\{closure}()
#21 /opt/lampp81/htdocs/projects/eGrocerAdminPanel-1.9.8/app/Http/Middleware/SetLang.php(82): Illuminate\\Pipeline\\Pipeline->Illuminate\\Pipeline\\{closure}()
#22 /opt/lampp81/htdocs/projects/eGrocerAdminPanel-1.9.8/vendor/laravel/framework/src/Illuminate/Pipeline/Pipeline.php(167): App\\Http\\Middleware\\SetLang->handle()
#23 /opt/lampp81/htdocs/projects/eGrocerAdminPanel-1.9.8/vendor/laravel/framework/src/Illuminate/Session/Middleware/StartSession.php(121): Illuminate\\Pipeline\\Pipeline->Illuminate\\Pipeline\\{closure}()
#24 /opt/lampp81/htdocs/projects/eGrocerAdminPanel-1.9.8/vendor/laravel/framework/src/Illuminate/Session/Middleware/StartSession.php(64): Illuminate\\Session\\Middleware\\StartSession->handleStatefulRequest()
#25 /opt/lampp81/htdocs/projects/eGrocerAdminPanel-1.9.8/vendor/laravel/framework/src/Illuminate/Pipeline/Pipeline.php(167): Illuminate\\Session\\Middleware\\StartSession->handle()
#26 /opt/lampp81/htdocs/projects/eGrocerAdminPanel-1.9.8/vendor/laravel/framework/src/Illuminate/Foundation/Http/Middleware/TransformsRequest.php(21): Illuminate\\Pipeline\\Pipeline->Illuminate\\Pipeline\\{closure}()
#27 /opt/lampp81/htdocs/projects/eGrocerAdminPanel-1.9.8/vendor/laravel/framework/src/Illuminate/Foundation/Http/Middleware/ConvertEmptyStringsToNull.php(31): Illuminate\\Foundation\\Http\\Middleware\\TransformsRequest->handle()
#28 /opt/lampp81/htdocs/projects/eGrocerAdminPanel-1.9.8/vendor/laravel/framework/src/Illuminate/Pipeline/Pipeline.php(167): Illuminate\\Foundation\\Http\\Middleware\\ConvertEmptyStringsToNull->handle()
#29 /opt/lampp81/htdocs/projects/eGrocerAdminPanel-1.9.8/vendor/laravel/framework/src/Illuminate/Foundation/Http/Middleware/TransformsRequest.php(21): Illuminate\\Pipeline\\Pipeline->Illuminate\\Pipeline\\{closure}()
#30 /opt/lampp81/htdocs/projects/eGrocerAdminPanel-1.9.8/vendor/laravel/framework/src/Illuminate/Foundation/Http/Middleware/TrimStrings.php(40): Illuminate\\Foundation\\Http\\Middleware\\TransformsRequest->handle()
#31 /opt/lampp81/htdocs/projects/eGrocerAdminPanel-1.9.8/vendor/laravel/framework/src/Illuminate/Pipeline/Pipeline.php(167): Illuminate\\Foundation\\Http\\Middleware\\TrimStrings->handle()
#32 /opt/lampp81/htdocs/projects/eGrocerAdminPanel-1.9.8/vendor/laravel/framework/src/Illuminate/Foundation/Http/Middleware/ValidatePostSize.php(27): Illuminate\\Pipeline\\Pipeline->Illuminate\\Pipeline\\{closure}()
#33 /opt/lampp81/htdocs/projects/eGrocerAdminPanel-1.9.8/vendor/laravel/framework/src/Illuminate/Pipeline/Pipeline.php(167): Illuminate\\Foundation\\Http\\Middleware\\ValidatePostSize->handle()
#34 /opt/lampp81/htdocs/projects/eGrocerAdminPanel-1.9.8/vendor/laravel/framework/src/Illuminate/Foundation/Http/Middleware/PreventRequestsDuringMaintenance.php(86): Illuminate\\Pipeline\\Pipeline->Illuminate\\Pipeline\\{closure}()
#35 /opt/lampp81/htdocs/projects/eGrocerAdminPanel-1.9.8/vendor/laravel/framework/src/Illuminate/Pipeline/Pipeline.php(167): Illuminate\\Foundation\\Http\\Middleware\\PreventRequestsDuringMaintenance->handle()
#36 /opt/lampp81/htdocs/projects/eGrocerAdminPanel-1.9.8/vendor/laravel/framework/src/Illuminate/Http/Middleware/TrustProxies.php(39): Illuminate\\Pipeline\\Pipeline->Illuminate\\Pipeline\\{closure}()
#37 /opt/lampp81/htdocs/projects/eGrocerAdminPanel-1.9.8/vendor/laravel/framework/src/Illuminate/Pipeline/Pipeline.php(167): Illuminate\\Http\\Middleware\\TrustProxies->handle()
#38 /opt/lampp81/htdocs/projects/eGrocerAdminPanel-1.9.8/vendor/laravel/framework/src/Illuminate/Pipeline/Pipeline.php(103): Illuminate\\Pipeline\\Pipeline->Illuminate\\Pipeline\\{closure}()
#39 /opt/lampp81/htdocs/projects/eGrocerAdminPanel-1.9.8/vendor/laravel/framework/src/Illuminate/Foundation/Http/Kernel.php(142): Illuminate\\Pipeline\\Pipeline->then()
#40 /opt/lampp81/htdocs/projects/eGrocerAdminPanel-1.9.8/vendor/laravel/framework/src/Illuminate/Foundation/Http/Kernel.php(111): Illuminate\\Foundation\\Http\\Kernel->sendRequestThroughRouter()
#41 /opt/lampp81/htdocs/projects/eGrocerAdminPanel-1.9.8/public/index.php(60): Illuminate\\Foundation\\Http\\Kernel->handle()
#42 /opt/lampp81/htdocs/projects/eGrocerAdminPanel-1.9.8/server.php(21): require_once('...')
#43 {main}
"} 
[2024-04-02 15:00:48] development.ERROR: The resource owner or authorization server denied the request. {"userId":72,"exception":"[object] (League\\OAuth2\\Server\\Exception\\OAuthServerException(code: 9): The resource owner or authorization server denied the request. at /opt/lampp81/htdocs/projects/eGrocerAdminPanel-1.9.8/vendor/league/oauth2-server/src/Exception/OAuthServerException.php:243)
[stacktrace]
#0 /opt/lampp81/htdocs/projects/eGrocerAdminPanel-1.9.8/vendor/league/oauth2-server/src/AuthorizationValidators/BearerTokenValidator.php(123): League\\OAuth2\\Server\\Exception\\OAuthServerException::accessDenied()
#1 /opt/lampp81/htdocs/projects/eGrocerAdminPanel-1.9.8/vendor/league/oauth2-server/src/ResourceServer.php(84): League\\OAuth2\\Server\\AuthorizationValidators\\BearerTokenValidator->validateAuthorization()
#2 /opt/lampp81/htdocs/projects/eGrocerAdminPanel-1.9.8/vendor/laravel/passport/src/Guards/TokenGuard.php(205): League\\OAuth2\\Server\\ResourceServer->validateAuthenticatedRequest()
#3 /opt/lampp81/htdocs/projects/eGrocerAdminPanel-1.9.8/vendor/laravel/passport/src/Guards/TokenGuard.php(148): Laravel\\Passport\\Guards\\TokenGuard->getPsrRequestViaBearerToken()
#4 /opt/lampp81/htdocs/projects/eGrocerAdminPanel-1.9.8/vendor/laravel/passport/src/Guards/TokenGuard.php(111): Laravel\\Passport\\Guards\\TokenGuard->authenticateViaBearerToken()
#5 /opt/lampp81/htdocs/projects/eGrocerAdminPanel-1.9.8/vendor/laravel/passport/src/PassportServiceProvider.php(309): Laravel\\Passport\\Guards\\TokenGuard->user()
#6 [internal function]: Laravel\\Passport\\PassportServiceProvider->Laravel\\Passport\\{closure}()
#7 /opt/lampp81/htdocs/projects/eGrocerAdminPanel-1.9.8/vendor/laravel/framework/src/Illuminate/Auth/RequestGuard.php(58): call_user_func()
#8 /opt/lampp81/htdocs/projects/eGrocerAdminPanel-1.9.8/vendor/laravel/framework/src/Illuminate/Auth/GuardHelpers.php(60): Illuminate\\Auth\\RequestGuard->user()
#9 /opt/lampp81/htdocs/projects/eGrocerAdminPanel-1.9.8/vendor/laravel/framework/src/Illuminate/Auth/Middleware/Authenticate.php(63): Illuminate\\Auth\\RequestGuard->check()
#10 /opt/lampp81/htdocs/projects/eGrocerAdminPanel-1.9.8/vendor/laravel/framework/src/Illuminate/Auth/Middleware/Authenticate.php(42): Illuminate\\Auth\\Middleware\\Authenticate->authenticate()
#11 /opt/lampp81/htdocs/projects/eGrocerAdminPanel-1.9.8/vendor/laravel/framework/src/Illuminate/Pipeline/Pipeline.php(167): Illuminate\\Auth\\Middleware\\Authenticate->handle()
#12 /opt/lampp81/htdocs/projects/eGrocerAdminPanel-1.9.8/app/Http/Middleware/CustomerUserProvider.php(33): Illuminate\\Pipeline\\Pipeline->Illuminate\\Pipeline\\{closure}()
#13 /opt/lampp81/htdocs/projects/eGrocerAdminPanel-1.9.8/vendor/laravel/framework/src/Illuminate/Pipeline/Pipeline.php(167): App\\Http\\Middleware\\CustomerUserProvider->handle()
#14 /opt/lampp81/htdocs/projects/eGrocerAdminPanel-1.9.8/vendor/laravel/framework/src/Illuminate/Pipeline/Pipeline.php(103): Illuminate\\Pipeline\\Pipeline->Illuminate\\Pipeline\\{closure}()
#15 /opt/lampp81/htdocs/projects/eGrocerAdminPanel-1.9.8/vendor/laravel/framework/src/Illuminate/Routing/Router.php(723): Illuminate\\Pipeline\\Pipeline->then()
#16 /opt/lampp81/htdocs/projects/eGrocerAdminPanel-1.9.8/vendor/laravel/framework/src/Illuminate/Routing/Router.php(698): Illuminate\\Routing\\Router->runRouteWithinStack()
#17 /opt/lampp81/htdocs/projects/eGrocerAdminPanel-1.9.8/vendor/laravel/framework/src/Illuminate/Routing/Router.php(662): Illuminate\\Routing\\Router->runRoute()
#18 /opt/lampp81/htdocs/projects/eGrocerAdminPanel-1.9.8/vendor/laravel/framework/src/Illuminate/Routing/Router.php(651): Illuminate\\Routing\\Router->dispatchToRoute()
#19 /opt/lampp81/htdocs/projects/eGrocerAdminPanel-1.9.8/vendor/laravel/framework/src/Illuminate/Foundation/Http/Kernel.php(167): Illuminate\\Routing\\Router->dispatch()
#20 /opt/lampp81/htdocs/projects/eGrocerAdminPanel-1.9.8/vendor/laravel/framework/src/Illuminate/Pipeline/Pipeline.php(128): Illuminate\\Foundation\\Http\\Kernel->Illuminate\\Foundation\\Http\\{closure}()
#21 /opt/lampp81/htdocs/projects/eGrocerAdminPanel-1.9.8/app/Http/Middleware/SetLang.php(82): Illuminate\\Pipeline\\Pipeline->Illuminate\\Pipeline\\{closure}()
#22 /opt/lampp81/htdocs/projects/eGrocerAdminPanel-1.9.8/vendor/laravel/framework/src/Illuminate/Pipeline/Pipeline.php(167): App\\Http\\Middleware\\SetLang->handle()
#23 /opt/lampp81/htdocs/projects/eGrocerAdminPanel-1.9.8/vendor/laravel/framework/src/Illuminate/Session/Middleware/StartSession.php(121): Illuminate\\Pipeline\\Pipeline->Illuminate\\Pipeline\\{closure}()
#24 /opt/lampp81/htdocs/projects/eGrocerAdminPanel-1.9.8/vendor/laravel/framework/src/Illuminate/Session/Middleware/StartSession.php(64): Illuminate\\Session\\Middleware\\StartSession->handleStatefulRequest()
#25 /opt/lampp81/htdocs/projects/eGrocerAdminPanel-1.9.8/vendor/laravel/framework/src/Illuminate/Pipeline/Pipeline.php(167): Illuminate\\Session\\Middleware\\StartSession->handle()
#26 /opt/lampp81/htdocs/projects/eGrocerAdminPanel-1.9.8/vendor/laravel/framework/src/Illuminate/Foundation/Http/Middleware/TransformsRequest.php(21): Illuminate\\Pipeline\\Pipeline->Illuminate\\Pipeline\\{closure}()
#27 /opt/lampp81/htdocs/projects/eGrocerAdminPanel-1.9.8/vendor/laravel/framework/src/Illuminate/Foundation/Http/Middleware/ConvertEmptyStringsToNull.php(31): Illuminate\\Foundation\\Http\\Middleware\\TransformsRequest->handle()
#28 /opt/lampp81/htdocs/projects/eGrocerAdminPanel-1.9.8/vendor/laravel/framework/src/Illuminate/Pipeline/Pipeline.php(167): Illuminate\\Foundation\\Http\\Middleware\\ConvertEmptyStringsToNull->handle()
#29 /opt/lampp81/htdocs/projects/eGrocerAdminPanel-1.9.8/vendor/laravel/framework/src/Illuminate/Foundation/Http/Middleware/TransformsRequest.php(21): Illuminate\\Pipeline\\Pipeline->Illuminate\\Pipeline\\{closure}()
#30 /opt/lampp81/htdocs/projects/eGrocerAdminPanel-1.9.8/vendor/laravel/framework/src/Illuminate/Foundation/Http/Middleware/TrimStrings.php(40): Illuminate\\Foundation\\Http\\Middleware\\TransformsRequest->handle()
#31 /opt/lampp81/htdocs/projects/eGrocerAdminPanel-1.9.8/vendor/laravel/framework/src/Illuminate/Pipeline/Pipeline.php(167): Illuminate\\Foundation\\Http\\Middleware\\TrimStrings->handle()
#32 /opt/lampp81/htdocs/projects/eGrocerAdminPanel-1.9.8/vendor/laravel/framework/src/Illuminate/Foundation/Http/Middleware/ValidatePostSize.php(27): Illuminate\\Pipeline\\Pipeline->Illuminate\\Pipeline\\{closure}()
#33 /opt/lampp81/htdocs/projects/eGrocerAdminPanel-1.9.8/vendor/laravel/framework/src/Illuminate/Pipeline/Pipeline.php(167): Illuminate\\Foundation\\Http\\Middleware\\ValidatePostSize->handle()
#34 /opt/lampp81/htdocs/projects/eGrocerAdminPanel-1.9.8/vendor/laravel/framework/src/Illuminate/Foundation/Http/Middleware/PreventRequestsDuringMaintenance.php(86): Illuminate\\Pipeline\\Pipeline->Illuminate\\Pipeline\\{closure}()
#35 /opt/lampp81/htdocs/projects/eGrocerAdminPanel-1.9.8/vendor/laravel/framework/src/Illuminate/Pipeline/Pipeline.php(167): Illuminate\\Foundation\\Http\\Middleware\\PreventRequestsDuringMaintenance->handle()
#36 /opt/lampp81/htdocs/projects/eGrocerAdminPanel-1.9.8/vendor/laravel/framework/src/Illuminate/Http/Middleware/TrustProxies.php(39): Illuminate\\Pipeline\\Pipeline->Illuminate\\Pipeline\\{closure}()
#37 /opt/lampp81/htdocs/projects/eGrocerAdminPanel-1.9.8/vendor/laravel/framework/src/Illuminate/Pipeline/Pipeline.php(167): Illuminate\\Http\\Middleware\\TrustProxies->handle()
#38 /opt/lampp81/htdocs/projects/eGrocerAdminPanel-1.9.8/vendor/laravel/framework/src/Illuminate/Pipeline/Pipeline.php(103): Illuminate\\Pipeline\\Pipeline->Illuminate\\Pipeline\\{closure}()
#39 /opt/lampp81/htdocs/projects/eGrocerAdminPanel-1.9.8/vendor/laravel/framework/src/Illuminate/Foundation/Http/Kernel.php(142): Illuminate\\Pipeline\\Pipeline->then()
#40 /opt/lampp81/htdocs/projects/eGrocerAdminPanel-1.9.8/vendor/laravel/framework/src/Illuminate/Foundation/Http/Kernel.php(111): Illuminate\\Foundation\\Http\\Kernel->sendRequestThroughRouter()
#41 /opt/lampp81/htdocs/projects/eGrocerAdminPanel-1.9.8/public/index.php(60): Illuminate\\Foundation\\Http\\Kernel->handle()
#42 /opt/lampp81/htdocs/projects/eGrocerAdminPanel-1.9.8/server.php(21): require_once('...')
#43 {main}
"} 
[2024-04-02 15:00:50] development.ERROR: The resource owner or authorization server denied the request. {"userId":72,"exception":"[object] (League\\OAuth2\\Server\\Exception\\OAuthServerException(code: 9): The resource owner or authorization server denied the request. at /opt/lampp81/htdocs/projects/eGrocerAdminPanel-1.9.8/vendor/league/oauth2-server/src/Exception/OAuthServerException.php:243)
[stacktrace]
#0 /opt/lampp81/htdocs/projects/eGrocerAdminPanel-1.9.8/vendor/league/oauth2-server/src/AuthorizationValidators/BearerTokenValidator.php(123): League\\OAuth2\\Server\\Exception\\OAuthServerException::accessDenied()
#1 /opt/lampp81/htdocs/projects/eGrocerAdminPanel-1.9.8/vendor/league/oauth2-server/src/ResourceServer.php(84): League\\OAuth2\\Server\\AuthorizationValidators\\BearerTokenValidator->validateAuthorization()
#2 /opt/lampp81/htdocs/projects/eGrocerAdminPanel-1.9.8/vendor/laravel/passport/src/Guards/TokenGuard.php(205): League\\OAuth2\\Server\\ResourceServer->validateAuthenticatedRequest()
#3 /opt/lampp81/htdocs/projects/eGrocerAdminPanel-1.9.8/vendor/laravel/passport/src/Guards/TokenGuard.php(148): Laravel\\Passport\\Guards\\TokenGuard->getPsrRequestViaBearerToken()
#4 /opt/lampp81/htdocs/projects/eGrocerAdminPanel-1.9.8/vendor/laravel/passport/src/Guards/TokenGuard.php(111): Laravel\\Passport\\Guards\\TokenGuard->authenticateViaBearerToken()
#5 /opt/lampp81/htdocs/projects/eGrocerAdminPanel-1.9.8/vendor/laravel/passport/src/PassportServiceProvider.php(309): Laravel\\Passport\\Guards\\TokenGuard->user()
#6 [internal function]: Laravel\\Passport\\PassportServiceProvider->Laravel\\Passport\\{closure}()
#7 /opt/lampp81/htdocs/projects/eGrocerAdminPanel-1.9.8/vendor/laravel/framework/src/Illuminate/Auth/RequestGuard.php(58): call_user_func()
#8 /opt/lampp81/htdocs/projects/eGrocerAdminPanel-1.9.8/vendor/laravel/framework/src/Illuminate/Auth/GuardHelpers.php(60): Illuminate\\Auth\\RequestGuard->user()
#9 /opt/lampp81/htdocs/projects/eGrocerAdminPanel-1.9.8/vendor/laravel/framework/src/Illuminate/Auth/Middleware/Authenticate.php(63): Illuminate\\Auth\\RequestGuard->check()
#10 /opt/lampp81/htdocs/projects/eGrocerAdminPanel-1.9.8/vendor/laravel/framework/src/Illuminate/Auth/Middleware/Authenticate.php(42): Illuminate\\Auth\\Middleware\\Authenticate->authenticate()
#11 /opt/lampp81/htdocs/projects/eGrocerAdminPanel-1.9.8/vendor/laravel/framework/src/Illuminate/Pipeline/Pipeline.php(167): Illuminate\\Auth\\Middleware\\Authenticate->handle()
#12 /opt/lampp81/htdocs/projects/eGrocerAdminPanel-1.9.8/app/Http/Middleware/CustomerUserProvider.php(33): Illuminate\\Pipeline\\Pipeline->Illuminate\\Pipeline\\{closure}()
#13 /opt/lampp81/htdocs/projects/eGrocerAdminPanel-1.9.8/vendor/laravel/framework/src/Illuminate/Pipeline/Pipeline.php(167): App\\Http\\Middleware\\CustomerUserProvider->handle()
#14 /opt/lampp81/htdocs/projects/eGrocerAdminPanel-1.9.8/vendor/laravel/framework/src/Illuminate/Pipeline/Pipeline.php(103): Illuminate\\Pipeline\\Pipeline->Illuminate\\Pipeline\\{closure}()
#15 /opt/lampp81/htdocs/projects/eGrocerAdminPanel-1.9.8/vendor/laravel/framework/src/Illuminate/Routing/Router.php(723): Illuminate\\Pipeline\\Pipeline->then()
#16 /opt/lampp81/htdocs/projects/eGrocerAdminPanel-1.9.8/vendor/laravel/framework/src/Illuminate/Routing/Router.php(698): Illuminate\\Routing\\Router->runRouteWithinStack()
#17 /opt/lampp81/htdocs/projects/eGrocerAdminPanel-1.9.8/vendor/laravel/framework/src/Illuminate/Routing/Router.php(662): Illuminate\\Routing\\Router->runRoute()
#18 /opt/lampp81/htdocs/projects/eGrocerAdminPanel-1.9.8/vendor/laravel/framework/src/Illuminate/Routing/Router.php(651): Illuminate\\Routing\\Router->dispatchToRoute()
#19 /opt/lampp81/htdocs/projects/eGrocerAdminPanel-1.9.8/vendor/laravel/framework/src/Illuminate/Foundation/Http/Kernel.php(167): Illuminate\\Routing\\Router->dispatch()
#20 /opt/lampp81/htdocs/projects/eGrocerAdminPanel-1.9.8/vendor/laravel/framework/src/Illuminate/Pipeline/Pipeline.php(128): Illuminate\\Foundation\\Http\\Kernel->Illuminate\\Foundation\\Http\\{closure}()
#21 /opt/lampp81/htdocs/projects/eGrocerAdminPanel-1.9.8/app/Http/Middleware/SetLang.php(82): Illuminate\\Pipeline\\Pipeline->Illuminate\\Pipeline\\{closure}()
#22 /opt/lampp81/htdocs/projects/eGrocerAdminPanel-1.9.8/vendor/laravel/framework/src/Illuminate/Pipeline/Pipeline.php(167): App\\Http\\Middleware\\SetLang->handle()
#23 /opt/lampp81/htdocs/projects/eGrocerAdminPanel-1.9.8/vendor/laravel/framework/src/Illuminate/Session/Middleware/StartSession.php(121): Illuminate\\Pipeline\\Pipeline->Illuminate\\Pipeline\\{closure}()
#24 /opt/lampp81/htdocs/projects/eGrocerAdminPanel-1.9.8/vendor/laravel/framework/src/Illuminate/Session/Middleware/StartSession.php(64): Illuminate\\Session\\Middleware\\StartSession->handleStatefulRequest()
#25 /opt/lampp81/htdocs/projects/eGrocerAdminPanel-1.9.8/vendor/laravel/framework/src/Illuminate/Pipeline/Pipeline.php(167): Illuminate\\Session\\Middleware\\StartSession->handle()
#26 /opt/lampp81/htdocs/projects/eGrocerAdminPanel-1.9.8/vendor/laravel/framework/src/Illuminate/Foundation/Http/Middleware/TransformsRequest.php(21): Illuminate\\Pipeline\\Pipeline->Illuminate\\Pipeline\\{closure}()
#27 /opt/lampp81/htdocs/projects/eGrocerAdminPanel-1.9.8/vendor/laravel/framework/src/Illuminate/Foundation/Http/Middleware/ConvertEmptyStringsToNull.php(31): Illuminate\\Foundation\\Http\\Middleware\\TransformsRequest->handle()
#28 /opt/lampp81/htdocs/projects/eGrocerAdminPanel-1.9.8/vendor/laravel/framework/src/Illuminate/Pipeline/Pipeline.php(167): Illuminate\\Foundation\\Http\\Middleware\\ConvertEmptyStringsToNull->handle()
#29 /opt/lampp81/htdocs/projects/eGrocerAdminPanel-1.9.8/vendor/laravel/framework/src/Illuminate/Foundation/Http/Middleware/TransformsRequest.php(21): Illuminate\\Pipeline\\Pipeline->Illuminate\\Pipeline\\{closure}()
#30 /opt/lampp81/htdocs/projects/eGrocerAdminPanel-1.9.8/vendor/laravel/framework/src/Illuminate/Foundation/Http/Middleware/TrimStrings.php(40): Illuminate\\Foundation\\Http\\Middleware\\TransformsRequest->handle()
#31 /opt/lampp81/htdocs/projects/eGrocerAdminPanel-1.9.8/vendor/laravel/framework/src/Illuminate/Pipeline/Pipeline.php(167): Illuminate\\Foundation\\Http\\Middleware\\TrimStrings->handle()
#32 /opt/lampp81/htdocs/projects/eGrocerAdminPanel-1.9.8/vendor/laravel/framework/src/Illuminate/Foundation/Http/Middleware/ValidatePostSize.php(27): Illuminate\\Pipeline\\Pipeline->Illuminate\\Pipeline\\{closure}()
#33 /opt/lampp81/htdocs/projects/eGrocerAdminPanel-1.9.8/vendor/laravel/framework/src/Illuminate/Pipeline/Pipeline.php(167): Illuminate\\Foundation\\Http\\Middleware\\ValidatePostSize->handle()
#34 /opt/lampp81/htdocs/projects/eGrocerAdminPanel-1.9.8/vendor/laravel/framework/src/Illuminate/Foundation/Http/Middleware/PreventRequestsDuringMaintenance.php(86): Illuminate\\Pipeline\\Pipeline->Illuminate\\Pipeline\\{closure}()
#35 /opt/lampp81/htdocs/projects/eGrocerAdminPanel-1.9.8/vendor/laravel/framework/src/Illuminate/Pipeline/Pipeline.php(167): Illuminate\\Foundation\\Http\\Middleware\\PreventRequestsDuringMaintenance->handle()
#36 /opt/lampp81/htdocs/projects/eGrocerAdminPanel-1.9.8/vendor/laravel/framework/src/Illuminate/Http/Middleware/TrustProxies.php(39): Illuminate\\Pipeline\\Pipeline->Illuminate\\Pipeline\\{closure}()
#37 /opt/lampp81/htdocs/projects/eGrocerAdminPanel-1.9.8/vendor/laravel/framework/src/Illuminate/Pipeline/Pipeline.php(167): Illuminate\\Http\\Middleware\\TrustProxies->handle()
#38 /opt/lampp81/htdocs/projects/eGrocerAdminPanel-1.9.8/vendor/laravel/framework/src/Illuminate/Pipeline/Pipeline.php(103): Illuminate\\Pipeline\\Pipeline->Illuminate\\Pipeline\\{closure}()
#39 /opt/lampp81/htdocs/projects/eGrocerAdminPanel-1.9.8/vendor/laravel/framework/src/Illuminate/Foundation/Http/Kernel.php(142): Illuminate\\Pipeline\\Pipeline->then()
#40 /opt/lampp81/htdocs/projects/eGrocerAdminPanel-1.9.8/vendor/laravel/framework/src/Illuminate/Foundation/Http/Kernel.php(111): Illuminate\\Foundation\\Http\\Kernel->sendRequestThroughRouter()
#41 /opt/lampp81/htdocs/projects/eGrocerAdminPanel-1.9.8/public/index.php(60): Illuminate\\Foundation\\Http\\Kernel->handle()
#42 /opt/lampp81/htdocs/projects/eGrocerAdminPanel-1.9.8/server.php(21): require_once('...')
#43 {main}
"} 
