[2024-03-28 04:15:41] development.ERROR: file_get_contents(https://wrteam.in/validator/egrocer_validator?purchase_code=developer panel&amp;domain_url=http://127.0.0.1:8000): Failed to open stream: HTTP request failed! HTTP/1.1 400 Bad Request
 {"exception":"[object] (ErrorException(code: 0): file_get_contents(https://wrteam.in/validator/egrocer_validator?purchase_code=developer panel&amp;domain_url=http://127.0.0.1:8000): Failed to open stream: HTTP request failed! HTTP/1.1 400 Bad Request

 at /opt/lampp81/htdocs/projects/eGrocerAdminPanel-1.9.8/app/Helpers/helpers.php:33)
[stacktrace]
#0 [internal function]: Illuminate\\Foundation\\Bootstrap\\HandleExceptions->handleError()
#1 /opt/lampp81/htdocs/projects/eGrocerAdminPanel-1.9.8/app/Helpers/helpers.php(33): file_get_contents()
#2 /opt/lampp81/htdocs/projects/eGrocerAdminPanel-1.9.8/app/Http/Middleware/SetLang.php(80): validateAdmin()
#3 /opt/lampp81/htdocs/projects/eGrocerAdminPanel-1.9.8/vendor/laravel/framework/src/Illuminate/Pipeline/Pipeline.php(167): App\\Http\\Middleware\\SetLang->handle()
#4 /opt/lampp81/htdocs/projects/eGrocerAdminPanel-1.9.8/vendor/laravel/framework/src/Illuminate/Session/Middleware/StartSession.php(121): Illuminate\\Pipeline\\Pipeline->Illuminate\\Pipeline\\{closure}()
#5 /opt/lampp81/htdocs/projects/eGrocerAdminPanel-1.9.8/vendor/laravel/framework/src/Illuminate/Session/Middleware/StartSession.php(64): Illuminate\\Session\\Middleware\\StartSession->handleStatefulRequest()
#6 /opt/lampp81/htdocs/projects/eGrocerAdminPanel-1.9.8/vendor/laravel/framework/src/Illuminate/Pipeline/Pipeline.php(167): Illuminate\\Session\\Middleware\\StartSession->handle()
#7 /opt/lampp81/htdocs/projects/eGrocerAdminPanel-1.9.8/vendor/laravel/framework/src/Illuminate/Foundation/Http/Middleware/TransformsRequest.php(21): Illuminate\\Pipeline\\Pipeline->Illuminate\\Pipeline\\{closure}()
#8 /opt/lampp81/htdocs/projects/eGrocerAdminPanel-1.9.8/vendor/laravel/framework/src/Illuminate/Foundation/Http/Middleware/ConvertEmptyStringsToNull.php(31): Illuminate\\Foundation\\Http\\Middleware\\TransformsRequest->handle()
#9 /opt/lampp81/htdocs/projects/eGrocerAdminPanel-1.9.8/vendor/laravel/framework/src/Illuminate/Pipeline/Pipeline.php(167): Illuminate\\Foundation\\Http\\Middleware\\ConvertEmptyStringsToNull->handle()
#10 /opt/lampp81/htdocs/projects/eGrocerAdminPanel-1.9.8/vendor/laravel/framework/src/Illuminate/Foundation/Http/Middleware/TransformsRequest.php(21): Illuminate\\Pipeline\\Pipeline->Illuminate\\Pipeline\\{closure}()
#11 /opt/lampp81/htdocs/projects/eGrocerAdminPanel-1.9.8/vendor/laravel/framework/src/Illuminate/Foundation/Http/Middleware/TrimStrings.php(40): Illuminate\\Foundation\\Http\\Middleware\\TransformsRequest->handle()
#12 /opt/lampp81/htdocs/projects/eGrocerAdminPanel-1.9.8/vendor/laravel/framework/src/Illuminate/Pipeline/Pipeline.php(167): Illuminate\\Foundation\\Http\\Middleware\\TrimStrings->handle()
#13 /opt/lampp81/htdocs/projects/eGrocerAdminPanel-1.9.8/vendor/laravel/framework/src/Illuminate/Foundation/Http/Middleware/ValidatePostSize.php(27): Illuminate\\Pipeline\\Pipeline->Illuminate\\Pipeline\\{closure}()
#14 /opt/lampp81/htdocs/projects/eGrocerAdminPanel-1.9.8/vendor/laravel/framework/src/Illuminate/Pipeline/Pipeline.php(167): Illuminate\\Foundation\\Http\\Middleware\\ValidatePostSize->handle()
#15 /opt/lampp81/htdocs/projects/eGrocerAdminPanel-1.9.8/vendor/laravel/framework/src/Illuminate/Foundation/Http/Middleware/PreventRequestsDuringMaintenance.php(86): Illuminate\\Pipeline\\Pipeline->Illuminate\\Pipeline\\{closure}()
#16 /opt/lampp81/htdocs/projects/eGrocerAdminPanel-1.9.8/vendor/laravel/framework/src/Illuminate/Pipeline/Pipeline.php(167): Illuminate\\Foundation\\Http\\Middleware\\PreventRequestsDuringMaintenance->handle()
#17 /opt/lampp81/htdocs/projects/eGrocerAdminPanel-1.9.8/vendor/laravel/framework/src/Illuminate/Http/Middleware/TrustProxies.php(39): Illuminate\\Pipeline\\Pipeline->Illuminate\\Pipeline\\{closure}()
#18 /opt/lampp81/htdocs/projects/eGrocerAdminPanel-1.9.8/vendor/laravel/framework/src/Illuminate/Pipeline/Pipeline.php(167): Illuminate\\Http\\Middleware\\TrustProxies->handle()
#19 /opt/lampp81/htdocs/projects/eGrocerAdminPanel-1.9.8/vendor/laravel/framework/src/Illuminate/Pipeline/Pipeline.php(103): Illuminate\\Pipeline\\Pipeline->Illuminate\\Pipeline\\{closure}()
#20 /opt/lampp81/htdocs/projects/eGrocerAdminPanel-1.9.8/vendor/laravel/framework/src/Illuminate/Foundation/Http/Kernel.php(142): Illuminate\\Pipeline\\Pipeline->then()
#21 /opt/lampp81/htdocs/projects/eGrocerAdminPanel-1.9.8/vendor/laravel/framework/src/Illuminate/Foundation/Http/Kernel.php(111): Illuminate\\Foundation\\Http\\Kernel->sendRequestThroughRouter()
#22 /opt/lampp81/htdocs/projects/eGrocerAdminPanel-1.9.8/public/index.php(60): Illuminate\\Foundation\\Http\\Kernel->handle()
#23 /opt/lampp81/htdocs/projects/eGrocerAdminPanel-1.9.8/server.php(21): require_once('...')
#24 {main}
"} 
[2024-03-28 04:16:56] development.ERROR: Attempt to read property "id" on null {"exception":"[object] (ErrorException(code: 0): Attempt to read property \"id\" on null at /opt/lampp81/htdocs/projects/eGrocerAdminPanel-1.9.8/app/Http/Controllers/Controller.php:164)
[stacktrace]
#0 /opt/lampp81/htdocs/projects/eGrocerAdminPanel-1.9.8/app/Http/Controllers/Controller.php(164): Illuminate\\Foundation\\Bootstrap\\HandleExceptions->handleError()
#1 /opt/lampp81/htdocs/projects/eGrocerAdminPanel-1.9.8/vendor/laravel/framework/src/Illuminate/Routing/Controller.php(54): App\\Http\\Controllers\\Controller->updateToken()
#2 /opt/lampp81/htdocs/projects/eGrocerAdminPanel-1.9.8/vendor/laravel/framework/src/Illuminate/Routing/ControllerDispatcher.php(45): Illuminate\\Routing\\Controller->callAction()
#3 /opt/lampp81/htdocs/projects/eGrocerAdminPanel-1.9.8/vendor/laravel/framework/src/Illuminate/Routing/Route.php(262): Illuminate\\Routing\\ControllerDispatcher->dispatch()
#4 /opt/lampp81/htdocs/projects/eGrocerAdminPanel-1.9.8/vendor/laravel/framework/src/Illuminate/Routing/Route.php(205): Illuminate\\Routing\\Route->runController()
#5 /opt/lampp81/htdocs/projects/eGrocerAdminPanel-1.9.8/vendor/laravel/framework/src/Illuminate/Routing/Router.php(721): Illuminate\\Routing\\Route->run()
#6 /opt/lampp81/htdocs/projects/eGrocerAdminPanel-1.9.8/vendor/laravel/framework/src/Illuminate/Pipeline/Pipeline.php(128): Illuminate\\Routing\\Router->Illuminate\\Routing\\{closure}()
#7 /opt/lampp81/htdocs/projects/eGrocerAdminPanel-1.9.8/vendor/laravel/framework/src/Illuminate/Routing/Middleware/SubstituteBindings.php(50): Illuminate\\Pipeline\\Pipeline->Illuminate\\Pipeline\\{closure}()
#8 /opt/lampp81/htdocs/projects/eGrocerAdminPanel-1.9.8/vendor/laravel/framework/src/Illuminate/Pipeline/Pipeline.php(167): Illuminate\\Routing\\Middleware\\SubstituteBindings->handle()
#9 /opt/lampp81/htdocs/projects/eGrocerAdminPanel-1.9.8/vendor/laravel/framework/src/Illuminate/Foundation/Http/Middleware/VerifyCsrfToken.php(78): Illuminate\\Pipeline\\Pipeline->Illuminate\\Pipeline\\{closure}()
#10 /opt/lampp81/htdocs/projects/eGrocerAdminPanel-1.9.8/vendor/laravel/framework/src/Illuminate/Pipeline/Pipeline.php(167): Illuminate\\Foundation\\Http\\Middleware\\VerifyCsrfToken->handle()
#11 /opt/lampp81/htdocs/projects/eGrocerAdminPanel-1.9.8/vendor/laravel/framework/src/Illuminate/View/Middleware/ShareErrorsFromSession.php(49): Illuminate\\Pipeline\\Pipeline->Illuminate\\Pipeline\\{closure}()
#12 /opt/lampp81/htdocs/projects/eGrocerAdminPanel-1.9.8/vendor/laravel/framework/src/Illuminate/Pipeline/Pipeline.php(167): Illuminate\\View\\Middleware\\ShareErrorsFromSession->handle()
#13 /opt/lampp81/htdocs/projects/eGrocerAdminPanel-1.9.8/vendor/laravel/framework/src/Illuminate/Cookie/Middleware/AddQueuedCookiesToResponse.php(37): Illuminate\\Pipeline\\Pipeline->Illuminate\\Pipeline\\{closure}()
#14 /opt/lampp81/htdocs/projects/eGrocerAdminPanel-1.9.8/vendor/laravel/framework/src/Illuminate/Pipeline/Pipeline.php(167): Illuminate\\Cookie\\Middleware\\AddQueuedCookiesToResponse->handle()
#15 /opt/lampp81/htdocs/projects/eGrocerAdminPanel-1.9.8/vendor/laravel/framework/src/Illuminate/Cookie/Middleware/EncryptCookies.php(67): Illuminate\\Pipeline\\Pipeline->Illuminate\\Pipeline\\{closure}()
#16 /opt/lampp81/htdocs/projects/eGrocerAdminPanel-1.9.8/vendor/laravel/framework/src/Illuminate/Pipeline/Pipeline.php(167): Illuminate\\Cookie\\Middleware\\EncryptCookies->handle()
#17 /opt/lampp81/htdocs/projects/eGrocerAdminPanel-1.9.8/vendor/laravel/framework/src/Illuminate/Pipeline/Pipeline.php(103): Illuminate\\Pipeline\\Pipeline->Illuminate\\Pipeline\\{closure}()
#18 /opt/lampp81/htdocs/projects/eGrocerAdminPanel-1.9.8/vendor/laravel/framework/src/Illuminate/Routing/Router.php(723): Illuminate\\Pipeline\\Pipeline->then()
#19 /opt/lampp81/htdocs/projects/eGrocerAdminPanel-1.9.8/vendor/laravel/framework/src/Illuminate/Routing/Router.php(698): Illuminate\\Routing\\Router->runRouteWithinStack()
#20 /opt/lampp81/htdocs/projects/eGrocerAdminPanel-1.9.8/vendor/laravel/framework/src/Illuminate/Routing/Router.php(662): Illuminate\\Routing\\Router->runRoute()
#21 /opt/lampp81/htdocs/projects/eGrocerAdminPanel-1.9.8/vendor/laravel/framework/src/Illuminate/Routing/Router.php(651): Illuminate\\Routing\\Router->dispatchToRoute()
#22 /opt/lampp81/htdocs/projects/eGrocerAdminPanel-1.9.8/vendor/laravel/framework/src/Illuminate/Foundation/Http/Kernel.php(167): Illuminate\\Routing\\Router->dispatch()
#23 /opt/lampp81/htdocs/projects/eGrocerAdminPanel-1.9.8/vendor/laravel/framework/src/Illuminate/Pipeline/Pipeline.php(128): Illuminate\\Foundation\\Http\\Kernel->Illuminate\\Foundation\\Http\\{closure}()
#24 /opt/lampp81/htdocs/projects/eGrocerAdminPanel-1.9.8/app/Http/Middleware/SetLang.php(82): Illuminate\\Pipeline\\Pipeline->Illuminate\\Pipeline\\{closure}()
#25 /opt/lampp81/htdocs/projects/eGrocerAdminPanel-1.9.8/vendor/laravel/framework/src/Illuminate/Pipeline/Pipeline.php(167): App\\Http\\Middleware\\SetLang->handle()
#26 /opt/lampp81/htdocs/projects/eGrocerAdminPanel-1.9.8/vendor/laravel/framework/src/Illuminate/Session/Middleware/StartSession.php(121): Illuminate\\Pipeline\\Pipeline->Illuminate\\Pipeline\\{closure}()
#27 /opt/lampp81/htdocs/projects/eGrocerAdminPanel-1.9.8/vendor/laravel/framework/src/Illuminate/Session/Middleware/StartSession.php(64): Illuminate\\Session\\Middleware\\StartSession->handleStatefulRequest()
#28 /opt/lampp81/htdocs/projects/eGrocerAdminPanel-1.9.8/vendor/laravel/framework/src/Illuminate/Pipeline/Pipeline.php(167): Illuminate\\Session\\Middleware\\StartSession->handle()
#29 /opt/lampp81/htdocs/projects/eGrocerAdminPanel-1.9.8/vendor/laravel/framework/src/Illuminate/Foundation/Http/Middleware/TransformsRequest.php(21): Illuminate\\Pipeline\\Pipeline->Illuminate\\Pipeline\\{closure}()
#30 /opt/lampp81/htdocs/projects/eGrocerAdminPanel-1.9.8/vendor/laravel/framework/src/Illuminate/Foundation/Http/Middleware/ConvertEmptyStringsToNull.php(31): Illuminate\\Foundation\\Http\\Middleware\\TransformsRequest->handle()
#31 /opt/lampp81/htdocs/projects/eGrocerAdminPanel-1.9.8/vendor/laravel/framework/src/Illuminate/Pipeline/Pipeline.php(167): Illuminate\\Foundation\\Http\\Middleware\\ConvertEmptyStringsToNull->handle()
#32 /opt/lampp81/htdocs/projects/eGrocerAdminPanel-1.9.8/vendor/laravel/framework/src/Illuminate/Foundation/Http/Middleware/TransformsRequest.php(21): Illuminate\\Pipeline\\Pipeline->Illuminate\\Pipeline\\{closure}()
#33 /opt/lampp81/htdocs/projects/eGrocerAdminPanel-1.9.8/vendor/laravel/framework/src/Illuminate/Foundation/Http/Middleware/TrimStrings.php(40): Illuminate\\Foundation\\Http\\Middleware\\TransformsRequest->handle()
#34 /opt/lampp81/htdocs/projects/eGrocerAdminPanel-1.9.8/vendor/laravel/framework/src/Illuminate/Pipeline/Pipeline.php(167): Illuminate\\Foundation\\Http\\Middleware\\TrimStrings->handle()
#35 /opt/lampp81/htdocs/projects/eGrocerAdminPanel-1.9.8/vendor/laravel/framework/src/Illuminate/Foundation/Http/Middleware/ValidatePostSize.php(27): Illuminate\\Pipeline\\Pipeline->Illuminate\\Pipeline\\{closure}()
#36 /opt/lampp81/htdocs/projects/eGrocerAdminPanel-1.9.8/vendor/laravel/framework/src/Illuminate/Pipeline/Pipeline.php(167): Illuminate\\Foundation\\Http\\Middleware\\ValidatePostSize->handle()
#37 /opt/lampp81/htdocs/projects/eGrocerAdminPanel-1.9.8/vendor/laravel/framework/src/Illuminate/Foundation/Http/Middleware/PreventRequestsDuringMaintenance.php(86): Illuminate\\Pipeline\\Pipeline->Illuminate\\Pipeline\\{closure}()
#38 /opt/lampp81/htdocs/projects/eGrocerAdminPanel-1.9.8/vendor/laravel/framework/src/Illuminate/Pipeline/Pipeline.php(167): Illuminate\\Foundation\\Http\\Middleware\\PreventRequestsDuringMaintenance->handle()
#39 /opt/lampp81/htdocs/projects/eGrocerAdminPanel-1.9.8/vendor/laravel/framework/src/Illuminate/Http/Middleware/TrustProxies.php(39): Illuminate\\Pipeline\\Pipeline->Illuminate\\Pipeline\\{closure}()
#40 /opt/lampp81/htdocs/projects/eGrocerAdminPanel-1.9.8/vendor/laravel/framework/src/Illuminate/Pipeline/Pipeline.php(167): Illuminate\\Http\\Middleware\\TrustProxies->handle()
#41 /opt/lampp81/htdocs/projects/eGrocerAdminPanel-1.9.8/vendor/laravel/framework/src/Illuminate/Pipeline/Pipeline.php(103): Illuminate\\Pipeline\\Pipeline->Illuminate\\Pipeline\\{closure}()
#42 /opt/lampp81/htdocs/projects/eGrocerAdminPanel-1.9.8/vendor/laravel/framework/src/Illuminate/Foundation/Http/Kernel.php(142): Illuminate\\Pipeline\\Pipeline->then()
#43 /opt/lampp81/htdocs/projects/eGrocerAdminPanel-1.9.8/vendor/laravel/framework/src/Illuminate/Foundation/Http/Kernel.php(111): Illuminate\\Foundation\\Http\\Kernel->sendRequestThroughRouter()
#44 /opt/lampp81/htdocs/projects/eGrocerAdminPanel-1.9.8/public/index.php(60): Illuminate\\Foundation\\Http\\Kernel->handle()
#45 /opt/lampp81/htdocs/projects/eGrocerAdminPanel-1.9.8/server.php(21): require_once('...')
#46 {main}
"} 
[2024-03-28 05:27:08] development.ERROR: Call to undefined method App\Models\DeliveryBoy::getDrivingLicenseUrlAttribute() {"userId":1,"exception":"[object] (BadMethodCallException(code: 0): Call to undefined method App\\Models\\DeliveryBoy::getDrivingLicenseUrlAttribute() at /opt/lampp81/htdocs/projects/eGrocerAdminPanel-1.9.8/vendor/laravel/framework/src/Illuminate/Support/Traits/ForwardsCalls.php:71)
[stacktrace]
#0 /opt/lampp81/htdocs/projects/eGrocerAdminPanel-1.9.8/vendor/laravel/framework/src/Illuminate/Support/Traits/ForwardsCalls.php(36): Illuminate\\Database\\Eloquent\\Model::throwBadMethodCallException()
#1 /opt/lampp81/htdocs/projects/eGrocerAdminPanel-1.9.8/vendor/laravel/framework/src/Illuminate/Database/Eloquent/Model.php(2132): Illuminate\\Database\\Eloquent\\Model->forwardCallTo()
#2 /opt/lampp81/htdocs/projects/eGrocerAdminPanel-1.9.8/vendor/laravel/framework/src/Illuminate/Database/Eloquent/Concerns/HasAttributes.php(620): Illuminate\\Database\\Eloquent\\Model->__call()
#3 /opt/lampp81/htdocs/projects/eGrocerAdminPanel-1.9.8/vendor/laravel/framework/src/Illuminate/Database/Eloquent/Concerns/HasAttributes.php(670): Illuminate\\Database\\Eloquent\\Model->mutateAttribute()
#4 /opt/lampp81/htdocs/projects/eGrocerAdminPanel-1.9.8/vendor/laravel/framework/src/Illuminate/Database/Eloquent/Concerns/HasAttributes.php(201): Illuminate\\Database\\Eloquent\\Model->mutateAttributeForArray()
#5 /opt/lampp81/htdocs/projects/eGrocerAdminPanel-1.9.8/vendor/laravel/framework/src/Illuminate/Database/Eloquent/Model.php(1485): Illuminate\\Database\\Eloquent\\Model->attributesToArray()
#6 /opt/lampp81/htdocs/projects/eGrocerAdminPanel-1.9.8/vendor/laravel/framework/src/Illuminate/Database/Eloquent/Model.php(1515): Illuminate\\Database\\Eloquent\\Model->toArray()
#7 /opt/lampp81/htdocs/projects/eGrocerAdminPanel-1.9.8/vendor/laravel/framework/src/Illuminate/Collections/Traits/EnumeratesValues.php(889): Illuminate\\Database\\Eloquent\\Model->jsonSerialize()
#8 [internal function]: Illuminate\\Support\\Collection->Illuminate\\Support\\Traits\\{closure}()
#9 /opt/lampp81/htdocs/projects/eGrocerAdminPanel-1.9.8/vendor/laravel/framework/src/Illuminate/Collections/Traits/EnumeratesValues.php(897): array_map()
#10 [internal function]: Illuminate\\Support\\Collection->jsonSerialize()
#11 /opt/lampp81/htdocs/projects/eGrocerAdminPanel-1.9.8/vendor/laravel/framework/src/Illuminate/Http/JsonResponse.php(87): json_encode()
#12 /opt/lampp81/htdocs/projects/eGrocerAdminPanel-1.9.8/vendor/symfony/http-foundation/JsonResponse.php(54): Illuminate\\Http\\JsonResponse->setData()
#13 /opt/lampp81/htdocs/projects/eGrocerAdminPanel-1.9.8/vendor/laravel/framework/src/Illuminate/Http/JsonResponse.php(32): Symfony\\Component\\HttpFoundation\\JsonResponse->__construct()
#14 /opt/lampp81/htdocs/projects/eGrocerAdminPanel-1.9.8/vendor/laravel/framework/src/Illuminate/Routing/ResponseFactory.php(99): Illuminate\\Http\\JsonResponse->__construct()
#15 /opt/lampp81/htdocs/projects/eGrocerAdminPanel-1.9.8/vendor/laravel/framework/src/Illuminate/Support/Facades/Facade.php(261): Illuminate\\Routing\\ResponseFactory->json()
#16 /opt/lampp81/htdocs/projects/eGrocerAdminPanel-1.9.8/app/Helpers/CommonHelper.php(70): Illuminate\\Support\\Facades\\Facade::__callStatic()
#17 /opt/lampp81/htdocs/projects/eGrocerAdminPanel-1.9.8/app/Http/Controllers/API/DeliveryBoysApiController.php(27): App\\Helpers\\CommonHelper::responseWithData()
#18 /opt/lampp81/htdocs/projects/eGrocerAdminPanel-1.9.8/vendor/laravel/framework/src/Illuminate/Routing/Controller.php(54): App\\Http\\Controllers\\API\\DeliveryBoysApiController->getDeliveryBoy()
#19 /opt/lampp81/htdocs/projects/eGrocerAdminPanel-1.9.8/vendor/laravel/framework/src/Illuminate/Routing/ControllerDispatcher.php(45): Illuminate\\Routing\\Controller->callAction()
#20 /opt/lampp81/htdocs/projects/eGrocerAdminPanel-1.9.8/vendor/laravel/framework/src/Illuminate/Routing/Route.php(262): Illuminate\\Routing\\ControllerDispatcher->dispatch()
#21 /opt/lampp81/htdocs/projects/eGrocerAdminPanel-1.9.8/vendor/laravel/framework/src/Illuminate/Routing/Route.php(205): Illuminate\\Routing\\Route->runController()
#22 /opt/lampp81/htdocs/projects/eGrocerAdminPanel-1.9.8/vendor/laravel/framework/src/Illuminate/Routing/Router.php(721): Illuminate\\Routing\\Route->run()
#23 /opt/lampp81/htdocs/projects/eGrocerAdminPanel-1.9.8/vendor/laravel/framework/src/Illuminate/Pipeline/Pipeline.php(128): Illuminate\\Routing\\Router->Illuminate\\Routing\\{closure}()
#24 /opt/lampp81/htdocs/projects/eGrocerAdminPanel-1.9.8/vendor/laravel/framework/src/Illuminate/Routing/Middleware/SubstituteBindings.php(50): Illuminate\\Pipeline\\Pipeline->Illuminate\\Pipeline\\{closure}()
#25 /opt/lampp81/htdocs/projects/eGrocerAdminPanel-1.9.8/vendor/laravel/framework/src/Illuminate/Pipeline/Pipeline.php(167): Illuminate\\Routing\\Middleware\\SubstituteBindings->handle()
#26 /opt/lampp81/htdocs/projects/eGrocerAdminPanel-1.9.8/vendor/laravel/framework/src/Illuminate/Routing/Middleware/ThrottleRequests.php(127): Illuminate\\Pipeline\\Pipeline->Illuminate\\Pipeline\\{closure}()
#27 /opt/lampp81/htdocs/projects/eGrocerAdminPanel-1.9.8/vendor/laravel/framework/src/Illuminate/Routing/Middleware/ThrottleRequests.php(103): Illuminate\\Routing\\Middleware\\ThrottleRequests->handleRequest()
#28 /opt/lampp81/htdocs/projects/eGrocerAdminPanel-1.9.8/vendor/laravel/framework/src/Illuminate/Routing/Middleware/ThrottleRequests.php(55): Illuminate\\Routing\\Middleware\\ThrottleRequests->handleRequestUsingNamedLimiter()
#29 /opt/lampp81/htdocs/projects/eGrocerAdminPanel-1.9.8/vendor/laravel/framework/src/Illuminate/Pipeline/Pipeline.php(167): Illuminate\\Routing\\Middleware\\ThrottleRequests->handle()
#30 /opt/lampp81/htdocs/projects/eGrocerAdminPanel-1.9.8/vendor/laravel/framework/src/Illuminate/Auth/Middleware/Authenticate.php(44): Illuminate\\Pipeline\\Pipeline->Illuminate\\Pipeline\\{closure}()
#31 /opt/lampp81/htdocs/projects/eGrocerAdminPanel-1.9.8/vendor/laravel/framework/src/Illuminate/Pipeline/Pipeline.php(167): Illuminate\\Auth\\Middleware\\Authenticate->handle()
#32 /opt/lampp81/htdocs/projects/eGrocerAdminPanel-1.9.8/vendor/laravel/framework/src/Illuminate/Pipeline/Pipeline.php(103): Illuminate\\Pipeline\\Pipeline->Illuminate\\Pipeline\\{closure}()
#33 /opt/lampp81/htdocs/projects/eGrocerAdminPanel-1.9.8/vendor/laravel/framework/src/Illuminate/Routing/Router.php(723): Illuminate\\Pipeline\\Pipeline->then()
#34 /opt/lampp81/htdocs/projects/eGrocerAdminPanel-1.9.8/vendor/laravel/framework/src/Illuminate/Routing/Router.php(698): Illuminate\\Routing\\Router->runRouteWithinStack()
#35 /opt/lampp81/htdocs/projects/eGrocerAdminPanel-1.9.8/vendor/laravel/framework/src/Illuminate/Routing/Router.php(662): Illuminate\\Routing\\Router->runRoute()
#36 /opt/lampp81/htdocs/projects/eGrocerAdminPanel-1.9.8/vendor/laravel/framework/src/Illuminate/Routing/Router.php(651): Illuminate\\Routing\\Router->dispatchToRoute()
#37 /opt/lampp81/htdocs/projects/eGrocerAdminPanel-1.9.8/vendor/laravel/framework/src/Illuminate/Foundation/Http/Kernel.php(167): Illuminate\\Routing\\Router->dispatch()
#38 /opt/lampp81/htdocs/projects/eGrocerAdminPanel-1.9.8/vendor/laravel/framework/src/Illuminate/Pipeline/Pipeline.php(128): Illuminate\\Foundation\\Http\\Kernel->Illuminate\\Foundation\\Http\\{closure}()
#39 /opt/lampp81/htdocs/projects/eGrocerAdminPanel-1.9.8/app/Http/Middleware/SetLang.php(82): Illuminate\\Pipeline\\Pipeline->Illuminate\\Pipeline\\{closure}()
#40 /opt/lampp81/htdocs/projects/eGrocerAdminPanel-1.9.8/vendor/laravel/framework/src/Illuminate/Pipeline/Pipeline.php(167): App\\Http\\Middleware\\SetLang->handle()
#41 /opt/lampp81/htdocs/projects/eGrocerAdminPanel-1.9.8/vendor/laravel/framework/src/Illuminate/Session/Middleware/StartSession.php(121): Illuminate\\Pipeline\\Pipeline->Illuminate\\Pipeline\\{closure}()
#42 /opt/lampp81/htdocs/projects/eGrocerAdminPanel-1.9.8/vendor/laravel/framework/src/Illuminate/Session/Middleware/StartSession.php(64): Illuminate\\Session\\Middleware\\StartSession->handleStatefulRequest()
#43 /opt/lampp81/htdocs/projects/eGrocerAdminPanel-1.9.8/vendor/laravel/framework/src/Illuminate/Pipeline/Pipeline.php(167): Illuminate\\Session\\Middleware\\StartSession->handle()
#44 /opt/lampp81/htdocs/projects/eGrocerAdminPanel-1.9.8/vendor/laravel/framework/src/Illuminate/Foundation/Http/Middleware/TransformsRequest.php(21): Illuminate\\Pipeline\\Pipeline->Illuminate\\Pipeline\\{closure}()
#45 /opt/lampp81/htdocs/projects/eGrocerAdminPanel-1.9.8/vendor/laravel/framework/src/Illuminate/Foundation/Http/Middleware/ConvertEmptyStringsToNull.php(31): Illuminate\\Foundation\\Http\\Middleware\\TransformsRequest->handle()
#46 /opt/lampp81/htdocs/projects/eGrocerAdminPanel-1.9.8/vendor/laravel/framework/src/Illuminate/Pipeline/Pipeline.php(167): Illuminate\\Foundation\\Http\\Middleware\\ConvertEmptyStringsToNull->handle()
#47 /opt/lampp81/htdocs/projects/eGrocerAdminPanel-1.9.8/vendor/laravel/framework/src/Illuminate/Foundation/Http/Middleware/TransformsRequest.php(21): Illuminate\\Pipeline\\Pipeline->Illuminate\\Pipeline\\{closure}()
#48 /opt/lampp81/htdocs/projects/eGrocerAdminPanel-1.9.8/vendor/laravel/framework/src/Illuminate/Foundation/Http/Middleware/TrimStrings.php(40): Illuminate\\Foundation\\Http\\Middleware\\TransformsRequest->handle()
#49 /opt/lampp81/htdocs/projects/eGrocerAdminPanel-1.9.8/vendor/laravel/framework/src/Illuminate/Pipeline/Pipeline.php(167): Illuminate\\Foundation\\Http\\Middleware\\TrimStrings->handle()
#50 /opt/lampp81/htdocs/projects/eGrocerAdminPanel-1.9.8/vendor/laravel/framework/src/Illuminate/Foundation/Http/Middleware/ValidatePostSize.php(27): Illuminate\\Pipeline\\Pipeline->Illuminate\\Pipeline\\{closure}()
#51 /opt/lampp81/htdocs/projects/eGrocerAdminPanel-1.9.8/vendor/laravel/framework/src/Illuminate/Pipeline/Pipeline.php(167): Illuminate\\Foundation\\Http\\Middleware\\ValidatePostSize->handle()
#52 /opt/lampp81/htdocs/projects/eGrocerAdminPanel-1.9.8/vendor/laravel/framework/src/Illuminate/Foundation/Http/Middleware/PreventRequestsDuringMaintenance.php(86): Illuminate\\Pipeline\\Pipeline->Illuminate\\Pipeline\\{closure}()
#53 /opt/lampp81/htdocs/projects/eGrocerAdminPanel-1.9.8/vendor/laravel/framework/src/Illuminate/Pipeline/Pipeline.php(167): Illuminate\\Foundation\\Http\\Middleware\\PreventRequestsDuringMaintenance->handle()
#54 /opt/lampp81/htdocs/projects/eGrocerAdminPanel-1.9.8/vendor/laravel/framework/src/Illuminate/Http/Middleware/TrustProxies.php(39): Illuminate\\Pipeline\\Pipeline->Illuminate\\Pipeline\\{closure}()
#55 /opt/lampp81/htdocs/projects/eGrocerAdminPanel-1.9.8/vendor/laravel/framework/src/Illuminate/Pipeline/Pipeline.php(167): Illuminate\\Http\\Middleware\\TrustProxies->handle()
#56 /opt/lampp81/htdocs/projects/eGrocerAdminPanel-1.9.8/vendor/laravel/framework/src/Illuminate/Pipeline/Pipeline.php(103): Illuminate\\Pipeline\\Pipeline->Illuminate\\Pipeline\\{closure}()
#57 /opt/lampp81/htdocs/projects/eGrocerAdminPanel-1.9.8/vendor/laravel/framework/src/Illuminate/Foundation/Http/Kernel.php(142): Illuminate\\Pipeline\\Pipeline->then()
#58 /opt/lampp81/htdocs/projects/eGrocerAdminPanel-1.9.8/vendor/laravel/framework/src/Illuminate/Foundation/Http/Kernel.php(111): Illuminate\\Foundation\\Http\\Kernel->sendRequestThroughRouter()
#59 /opt/lampp81/htdocs/projects/eGrocerAdminPanel-1.9.8/public/index.php(60): Illuminate\\Foundation\\Http\\Kernel->handle()
#60 /opt/lampp81/htdocs/projects/eGrocerAdminPanel-1.9.8/server.php(21): require_once('...')
#61 {main}
"} 
[2024-03-28 05:27:19] development.ERROR: Call to undefined method App\Models\DeliveryBoy::getDrivingLicenseUrlAttribute() {"userId":1,"exception":"[object] (BadMethodCallException(code: 0): Call to undefined method App\\Models\\DeliveryBoy::getDrivingLicenseUrlAttribute() at /opt/lampp81/htdocs/projects/eGrocerAdminPanel-1.9.8/vendor/laravel/framework/src/Illuminate/Support/Traits/ForwardsCalls.php:71)
[stacktrace]
#0 /opt/lampp81/htdocs/projects/eGrocerAdminPanel-1.9.8/vendor/laravel/framework/src/Illuminate/Support/Traits/ForwardsCalls.php(36): Illuminate\\Database\\Eloquent\\Model::throwBadMethodCallException()
#1 /opt/lampp81/htdocs/projects/eGrocerAdminPanel-1.9.8/vendor/laravel/framework/src/Illuminate/Database/Eloquent/Model.php(2132): Illuminate\\Database\\Eloquent\\Model->forwardCallTo()
#2 /opt/lampp81/htdocs/projects/eGrocerAdminPanel-1.9.8/vendor/laravel/framework/src/Illuminate/Database/Eloquent/Concerns/HasAttributes.php(620): Illuminate\\Database\\Eloquent\\Model->__call()
#3 /opt/lampp81/htdocs/projects/eGrocerAdminPanel-1.9.8/vendor/laravel/framework/src/Illuminate/Database/Eloquent/Concerns/HasAttributes.php(670): Illuminate\\Database\\Eloquent\\Model->mutateAttribute()
#4 /opt/lampp81/htdocs/projects/eGrocerAdminPanel-1.9.8/vendor/laravel/framework/src/Illuminate/Database/Eloquent/Concerns/HasAttributes.php(201): Illuminate\\Database\\Eloquent\\Model->mutateAttributeForArray()
#5 /opt/lampp81/htdocs/projects/eGrocerAdminPanel-1.9.8/vendor/laravel/framework/src/Illuminate/Database/Eloquent/Model.php(1485): Illuminate\\Database\\Eloquent\\Model->attributesToArray()
#6 /opt/lampp81/htdocs/projects/eGrocerAdminPanel-1.9.8/vendor/laravel/framework/src/Illuminate/Database/Eloquent/Model.php(1515): Illuminate\\Database\\Eloquent\\Model->toArray()
#7 /opt/lampp81/htdocs/projects/eGrocerAdminPanel-1.9.8/vendor/laravel/framework/src/Illuminate/Collections/Traits/EnumeratesValues.php(889): Illuminate\\Database\\Eloquent\\Model->jsonSerialize()
#8 [internal function]: Illuminate\\Support\\Collection->Illuminate\\Support\\Traits\\{closure}()
#9 /opt/lampp81/htdocs/projects/eGrocerAdminPanel-1.9.8/vendor/laravel/framework/src/Illuminate/Collections/Traits/EnumeratesValues.php(897): array_map()
#10 [internal function]: Illuminate\\Support\\Collection->jsonSerialize()
#11 /opt/lampp81/htdocs/projects/eGrocerAdminPanel-1.9.8/vendor/laravel/framework/src/Illuminate/Http/JsonResponse.php(87): json_encode()
#12 /opt/lampp81/htdocs/projects/eGrocerAdminPanel-1.9.8/vendor/symfony/http-foundation/JsonResponse.php(54): Illuminate\\Http\\JsonResponse->setData()
#13 /opt/lampp81/htdocs/projects/eGrocerAdminPanel-1.9.8/vendor/laravel/framework/src/Illuminate/Http/JsonResponse.php(32): Symfony\\Component\\HttpFoundation\\JsonResponse->__construct()
#14 /opt/lampp81/htdocs/projects/eGrocerAdminPanel-1.9.8/vendor/laravel/framework/src/Illuminate/Routing/ResponseFactory.php(99): Illuminate\\Http\\JsonResponse->__construct()
#15 /opt/lampp81/htdocs/projects/eGrocerAdminPanel-1.9.8/vendor/laravel/framework/src/Illuminate/Support/Facades/Facade.php(261): Illuminate\\Routing\\ResponseFactory->json()
#16 /opt/lampp81/htdocs/projects/eGrocerAdminPanel-1.9.8/app/Helpers/CommonHelper.php(70): Illuminate\\Support\\Facades\\Facade::__callStatic()
#17 /opt/lampp81/htdocs/projects/eGrocerAdminPanel-1.9.8/app/Http/Controllers/API/DeliveryBoysApiController.php(27): App\\Helpers\\CommonHelper::responseWithData()
#18 /opt/lampp81/htdocs/projects/eGrocerAdminPanel-1.9.8/vendor/laravel/framework/src/Illuminate/Routing/Controller.php(54): App\\Http\\Controllers\\API\\DeliveryBoysApiController->getDeliveryBoy()
#19 /opt/lampp81/htdocs/projects/eGrocerAdminPanel-1.9.8/vendor/laravel/framework/src/Illuminate/Routing/ControllerDispatcher.php(45): Illuminate\\Routing\\Controller->callAction()
#20 /opt/lampp81/htdocs/projects/eGrocerAdminPanel-1.9.8/vendor/laravel/framework/src/Illuminate/Routing/Route.php(262): Illuminate\\Routing\\ControllerDispatcher->dispatch()
#21 /opt/lampp81/htdocs/projects/eGrocerAdminPanel-1.9.8/vendor/laravel/framework/src/Illuminate/Routing/Route.php(205): Illuminate\\Routing\\Route->runController()
#22 /opt/lampp81/htdocs/projects/eGrocerAdminPanel-1.9.8/vendor/laravel/framework/src/Illuminate/Routing/Router.php(721): Illuminate\\Routing\\Route->run()
#23 /opt/lampp81/htdocs/projects/eGrocerAdminPanel-1.9.8/vendor/laravel/framework/src/Illuminate/Pipeline/Pipeline.php(128): Illuminate\\Routing\\Router->Illuminate\\Routing\\{closure}()
#24 /opt/lampp81/htdocs/projects/eGrocerAdminPanel-1.9.8/vendor/laravel/framework/src/Illuminate/Routing/Middleware/SubstituteBindings.php(50): Illuminate\\Pipeline\\Pipeline->Illuminate\\Pipeline\\{closure}()
#25 /opt/lampp81/htdocs/projects/eGrocerAdminPanel-1.9.8/vendor/laravel/framework/src/Illuminate/Pipeline/Pipeline.php(167): Illuminate\\Routing\\Middleware\\SubstituteBindings->handle()
#26 /opt/lampp81/htdocs/projects/eGrocerAdminPanel-1.9.8/vendor/laravel/framework/src/Illuminate/Routing/Middleware/ThrottleRequests.php(127): Illuminate\\Pipeline\\Pipeline->Illuminate\\Pipeline\\{closure}()
#27 /opt/lampp81/htdocs/projects/eGrocerAdminPanel-1.9.8/vendor/laravel/framework/src/Illuminate/Routing/Middleware/ThrottleRequests.php(103): Illuminate\\Routing\\Middleware\\ThrottleRequests->handleRequest()
#28 /opt/lampp81/htdocs/projects/eGrocerAdminPanel-1.9.8/vendor/laravel/framework/src/Illuminate/Routing/Middleware/ThrottleRequests.php(55): Illuminate\\Routing\\Middleware\\ThrottleRequests->handleRequestUsingNamedLimiter()
#29 /opt/lampp81/htdocs/projects/eGrocerAdminPanel-1.9.8/vendor/laravel/framework/src/Illuminate/Pipeline/Pipeline.php(167): Illuminate\\Routing\\Middleware\\ThrottleRequests->handle()
#30 /opt/lampp81/htdocs/projects/eGrocerAdminPanel-1.9.8/vendor/laravel/framework/src/Illuminate/Auth/Middleware/Authenticate.php(44): Illuminate\\Pipeline\\Pipeline->Illuminate\\Pipeline\\{closure}()
#31 /opt/lampp81/htdocs/projects/eGrocerAdminPanel-1.9.8/vendor/laravel/framework/src/Illuminate/Pipeline/Pipeline.php(167): Illuminate\\Auth\\Middleware\\Authenticate->handle()
#32 /opt/lampp81/htdocs/projects/eGrocerAdminPanel-1.9.8/vendor/laravel/framework/src/Illuminate/Pipeline/Pipeline.php(103): Illuminate\\Pipeline\\Pipeline->Illuminate\\Pipeline\\{closure}()
#33 /opt/lampp81/htdocs/projects/eGrocerAdminPanel-1.9.8/vendor/laravel/framework/src/Illuminate/Routing/Router.php(723): Illuminate\\Pipeline\\Pipeline->then()
#34 /opt/lampp81/htdocs/projects/eGrocerAdminPanel-1.9.8/vendor/laravel/framework/src/Illuminate/Routing/Router.php(698): Illuminate\\Routing\\Router->runRouteWithinStack()
#35 /opt/lampp81/htdocs/projects/eGrocerAdminPanel-1.9.8/vendor/laravel/framework/src/Illuminate/Routing/Router.php(662): Illuminate\\Routing\\Router->runRoute()
#36 /opt/lampp81/htdocs/projects/eGrocerAdminPanel-1.9.8/vendor/laravel/framework/src/Illuminate/Routing/Router.php(651): Illuminate\\Routing\\Router->dispatchToRoute()
#37 /opt/lampp81/htdocs/projects/eGrocerAdminPanel-1.9.8/vendor/laravel/framework/src/Illuminate/Foundation/Http/Kernel.php(167): Illuminate\\Routing\\Router->dispatch()
#38 /opt/lampp81/htdocs/projects/eGrocerAdminPanel-1.9.8/vendor/laravel/framework/src/Illuminate/Pipeline/Pipeline.php(128): Illuminate\\Foundation\\Http\\Kernel->Illuminate\\Foundation\\Http\\{closure}()
#39 /opt/lampp81/htdocs/projects/eGrocerAdminPanel-1.9.8/app/Http/Middleware/SetLang.php(82): Illuminate\\Pipeline\\Pipeline->Illuminate\\Pipeline\\{closure}()
#40 /opt/lampp81/htdocs/projects/eGrocerAdminPanel-1.9.8/vendor/laravel/framework/src/Illuminate/Pipeline/Pipeline.php(167): App\\Http\\Middleware\\SetLang->handle()
#41 /opt/lampp81/htdocs/projects/eGrocerAdminPanel-1.9.8/vendor/laravel/framework/src/Illuminate/Session/Middleware/StartSession.php(121): Illuminate\\Pipeline\\Pipeline->Illuminate\\Pipeline\\{closure}()
#42 /opt/lampp81/htdocs/projects/eGrocerAdminPanel-1.9.8/vendor/laravel/framework/src/Illuminate/Session/Middleware/StartSession.php(64): Illuminate\\Session\\Middleware\\StartSession->handleStatefulRequest()
#43 /opt/lampp81/htdocs/projects/eGrocerAdminPanel-1.9.8/vendor/laravel/framework/src/Illuminate/Pipeline/Pipeline.php(167): Illuminate\\Session\\Middleware\\StartSession->handle()
#44 /opt/lampp81/htdocs/projects/eGrocerAdminPanel-1.9.8/vendor/laravel/framework/src/Illuminate/Foundation/Http/Middleware/TransformsRequest.php(21): Illuminate\\Pipeline\\Pipeline->Illuminate\\Pipeline\\{closure}()
#45 /opt/lampp81/htdocs/projects/eGrocerAdminPanel-1.9.8/vendor/laravel/framework/src/Illuminate/Foundation/Http/Middleware/ConvertEmptyStringsToNull.php(31): Illuminate\\Foundation\\Http\\Middleware\\TransformsRequest->handle()
#46 /opt/lampp81/htdocs/projects/eGrocerAdminPanel-1.9.8/vendor/laravel/framework/src/Illuminate/Pipeline/Pipeline.php(167): Illuminate\\Foundation\\Http\\Middleware\\ConvertEmptyStringsToNull->handle()
#47 /opt/lampp81/htdocs/projects/eGrocerAdminPanel-1.9.8/vendor/laravel/framework/src/Illuminate/Foundation/Http/Middleware/TransformsRequest.php(21): Illuminate\\Pipeline\\Pipeline->Illuminate\\Pipeline\\{closure}()
#48 /opt/lampp81/htdocs/projects/eGrocerAdminPanel-1.9.8/vendor/laravel/framework/src/Illuminate/Foundation/Http/Middleware/TrimStrings.php(40): Illuminate\\Foundation\\Http\\Middleware\\TransformsRequest->handle()
#49 /opt/lampp81/htdocs/projects/eGrocerAdminPanel-1.9.8/vendor/laravel/framework/src/Illuminate/Pipeline/Pipeline.php(167): Illuminate\\Foundation\\Http\\Middleware\\TrimStrings->handle()
#50 /opt/lampp81/htdocs/projects/eGrocerAdminPanel-1.9.8/vendor/laravel/framework/src/Illuminate/Foundation/Http/Middleware/ValidatePostSize.php(27): Illuminate\\Pipeline\\Pipeline->Illuminate\\Pipeline\\{closure}()
#51 /opt/lampp81/htdocs/projects/eGrocerAdminPanel-1.9.8/vendor/laravel/framework/src/Illuminate/Pipeline/Pipeline.php(167): Illuminate\\Foundation\\Http\\Middleware\\ValidatePostSize->handle()
#52 /opt/lampp81/htdocs/projects/eGrocerAdminPanel-1.9.8/vendor/laravel/framework/src/Illuminate/Foundation/Http/Middleware/PreventRequestsDuringMaintenance.php(86): Illuminate\\Pipeline\\Pipeline->Illuminate\\Pipeline\\{closure}()
#53 /opt/lampp81/htdocs/projects/eGrocerAdminPanel-1.9.8/vendor/laravel/framework/src/Illuminate/Pipeline/Pipeline.php(167): Illuminate\\Foundation\\Http\\Middleware\\PreventRequestsDuringMaintenance->handle()
#54 /opt/lampp81/htdocs/projects/eGrocerAdminPanel-1.9.8/vendor/laravel/framework/src/Illuminate/Http/Middleware/TrustProxies.php(39): Illuminate\\Pipeline\\Pipeline->Illuminate\\Pipeline\\{closure}()
#55 /opt/lampp81/htdocs/projects/eGrocerAdminPanel-1.9.8/vendor/laravel/framework/src/Illuminate/Pipeline/Pipeline.php(167): Illuminate\\Http\\Middleware\\TrustProxies->handle()
#56 /opt/lampp81/htdocs/projects/eGrocerAdminPanel-1.9.8/vendor/laravel/framework/src/Illuminate/Pipeline/Pipeline.php(103): Illuminate\\Pipeline\\Pipeline->Illuminate\\Pipeline\\{closure}()
#57 /opt/lampp81/htdocs/projects/eGrocerAdminPanel-1.9.8/vendor/laravel/framework/src/Illuminate/Foundation/Http/Kernel.php(142): Illuminate\\Pipeline\\Pipeline->then()
#58 /opt/lampp81/htdocs/projects/eGrocerAdminPanel-1.9.8/vendor/laravel/framework/src/Illuminate/Foundation/Http/Kernel.php(111): Illuminate\\Foundation\\Http\\Kernel->sendRequestThroughRouter()
#59 /opt/lampp81/htdocs/projects/eGrocerAdminPanel-1.9.8/public/index.php(60): Illuminate\\Foundation\\Http\\Kernel->handle()
#60 /opt/lampp81/htdocs/projects/eGrocerAdminPanel-1.9.8/server.php(21): require_once('...')
#61 {main}
"} 
