[2024-03-27 07:09:44] development.ERROR: Attempt to read property "id" on null {"exception":"[object] (ErrorException(code: 0): Attempt to read property \"id\" on null at /opt/lampp81/htdocs/projects/eGrocerAdminPanel-1.9.8/app/Http/Controllers/Controller.php:164)
[stacktrace]
#0 /opt/lampp81/htdocs/projects/eGrocerAdminPanel-1.9.8/app/Http/Controllers/Controller.php(164): Illuminate\\Foundation\\Bootstrap\\HandleExceptions->handleError()
#1 /opt/lampp81/htdocs/projects/eGrocerAdminPanel-1.9.8/vendor/laravel/framework/src/Illuminate/Routing/Controller.php(54): App\\Http\\Controllers\\Controller->updateToken()
#2 /opt/lampp81/htdocs/projects/eGrocerAdminPanel-1.9.8/vendor/laravel/framework/src/Illuminate/Routing/ControllerDispatcher.php(45): Illuminate\\Routing\\Controller->callAction()
#3 /opt/lampp81/htdocs/projects/eGrocerAdminPanel-1.9.8/vendor/laravel/framework/src/Illuminate/Routing/Route.php(262): Illuminate\\Routing\\ControllerDispatcher->dispatch()
#4 /opt/lampp81/htdocs/projects/eGrocerAdminPanel-1.9.8/vendor/laravel/framework/src/Illuminate/Routing/Route.php(205): Illuminate\\Routing\\Route->runController()
#5 /opt/lampp81/htdocs/projects/eGrocerAdminPanel-1.9.8/vendor/laravel/framework/src/Illuminate/Routing/Router.php(721): Illuminate\\Routing\\Route->run()
#6 /opt/lampp81/htdocs/projects/eGrocerAdminPanel-1.9.8/vendor/laravel/framework/src/Illuminate/Pipeline/Pipeline.php(128): Illuminate\\Routing\\Router->Illuminate\\Routing\\{closure}()
#7 /opt/lampp81/htdocs/projects/eGrocerAdminPanel-1.9.8/vendor/laravel/framework/src/Illuminate/Routing/Middleware/SubstituteBindings.php(50): Illuminate\\Pipeline\\Pipeline->Illuminate\\Pipeline\\{closure}()
#8 /opt/lampp81/htdocs/projects/eGrocerAdminPanel-1.9.8/vendor/laravel/framework/src/Illuminate/Pipeline/Pipeline.php(167): Illuminate\\Routing\\Middleware\\SubstituteBindings->handle()
#9 /opt/lampp81/htdocs/projects/eGrocerAdminPanel-1.9.8/vendor/laravel/framework/src/Illuminate/Foundation/Http/Middleware/VerifyCsrfToken.php(78): Illuminate\\Pipeline\\Pipeline->Illuminate\\Pipeline\\{closure}()
#10 /opt/lampp81/htdocs/projects/eGrocerAdminPanel-1.9.8/vendor/laravel/framework/src/Illuminate/Pipeline/Pipeline.php(167): Illuminate\\Foundation\\Http\\Middleware\\VerifyCsrfToken->handle()
#11 /opt/lampp81/htdocs/projects/eGrocerAdminPanel-1.9.8/vendor/laravel/framework/src/Illuminate/View/Middleware/ShareErrorsFromSession.php(49): Illuminate\\Pipeline\\Pipeline->Illuminate\\Pipeline\\{closure}()
#12 /opt/lampp81/htdocs/projects/eGrocerAdminPanel-1.9.8/vendor/laravel/framework/src/Illuminate/Pipeline/Pipeline.php(167): Illuminate\\View\\Middleware\\ShareErrorsFromSession->handle()
#13 /opt/lampp81/htdocs/projects/eGrocerAdminPanel-1.9.8/vendor/laravel/framework/src/Illuminate/Cookie/Middleware/AddQueuedCookiesToResponse.php(37): Illuminate\\Pipeline\\Pipeline->Illuminate\\Pipeline\\{closure}()
#14 /opt/lampp81/htdocs/projects/eGrocerAdminPanel-1.9.8/vendor/laravel/framework/src/Illuminate/Pipeline/Pipeline.php(167): Illuminate\\Cookie\\Middleware\\AddQueuedCookiesToResponse->handle()
#15 /opt/lampp81/htdocs/projects/eGrocerAdminPanel-1.9.8/vendor/laravel/framework/src/Illuminate/Cookie/Middleware/EncryptCookies.php(67): Illuminate\\Pipeline\\Pipeline->Illuminate\\Pipeline\\{closure}()
#16 /opt/lampp81/htdocs/projects/eGrocerAdminPanel-1.9.8/vendor/laravel/framework/src/Illuminate/Pipeline/Pipeline.php(167): Illuminate\\Cookie\\Middleware\\EncryptCookies->handle()
#17 /opt/lampp81/htdocs/projects/eGrocerAdminPanel-1.9.8/vendor/laravel/framework/src/Illuminate/Pipeline/Pipeline.php(103): Illuminate\\Pipeline\\Pipeline->Illuminate\\Pipeline\\{closure}()
#18 /opt/lampp81/htdocs/projects/eGrocerAdminPanel-1.9.8/vendor/laravel/framework/src/Illuminate/Routing/Router.php(723): Illuminate\\Pipeline\\Pipeline->then()
#19 /opt/lampp81/htdocs/projects/eGrocerAdminPanel-1.9.8/vendor/laravel/framework/src/Illuminate/Routing/Router.php(698): Illuminate\\Routing\\Router->runRouteWithinStack()
#20 /opt/lampp81/htdocs/projects/eGrocerAdminPanel-1.9.8/vendor/laravel/framework/src/Illuminate/Routing/Router.php(662): Illuminate\\Routing\\Router->runRoute()
#21 /opt/lampp81/htdocs/projects/eGrocerAdminPanel-1.9.8/vendor/laravel/framework/src/Illuminate/Routing/Router.php(651): Illuminate\\Routing\\Router->dispatchToRoute()
#22 /opt/lampp81/htdocs/projects/eGrocerAdminPanel-1.9.8/vendor/laravel/framework/src/Illuminate/Foundation/Http/Kernel.php(167): Illuminate\\Routing\\Router->dispatch()
#23 /opt/lampp81/htdocs/projects/eGrocerAdminPanel-1.9.8/vendor/laravel/framework/src/Illuminate/Pipeline/Pipeline.php(128): Illuminate\\Foundation\\Http\\Kernel->Illuminate\\Foundation\\Http\\{closure}()
#24 /opt/lampp81/htdocs/projects/eGrocerAdminPanel-1.9.8/app/Http/Middleware/SetLang.php(82): Illuminate\\Pipeline\\Pipeline->Illuminate\\Pipeline\\{closure}()
#25 /opt/lampp81/htdocs/projects/eGrocerAdminPanel-1.9.8/vendor/laravel/framework/src/Illuminate/Pipeline/Pipeline.php(167): App\\Http\\Middleware\\SetLang->handle()
#26 /opt/lampp81/htdocs/projects/eGrocerAdminPanel-1.9.8/vendor/laravel/framework/src/Illuminate/Session/Middleware/StartSession.php(121): Illuminate\\Pipeline\\Pipeline->Illuminate\\Pipeline\\{closure}()
#27 /opt/lampp81/htdocs/projects/eGrocerAdminPanel-1.9.8/vendor/laravel/framework/src/Illuminate/Session/Middleware/StartSession.php(64): Illuminate\\Session\\Middleware\\StartSession->handleStatefulRequest()
#28 /opt/lampp81/htdocs/projects/eGrocerAdminPanel-1.9.8/vendor/laravel/framework/src/Illuminate/Pipeline/Pipeline.php(167): Illuminate\\Session\\Middleware\\StartSession->handle()
#29 /opt/lampp81/htdocs/projects/eGrocerAdminPanel-1.9.8/vendor/laravel/framework/src/Illuminate/Foundation/Http/Middleware/TransformsRequest.php(21): Illuminate\\Pipeline\\Pipeline->Illuminate\\Pipeline\\{closure}()
#30 /opt/lampp81/htdocs/projects/eGrocerAdminPanel-1.9.8/vendor/laravel/framework/src/Illuminate/Foundation/Http/Middleware/ConvertEmptyStringsToNull.php(31): Illuminate\\Foundation\\Http\\Middleware\\TransformsRequest->handle()
#31 /opt/lampp81/htdocs/projects/eGrocerAdminPanel-1.9.8/vendor/laravel/framework/src/Illuminate/Pipeline/Pipeline.php(167): Illuminate\\Foundation\\Http\\Middleware\\ConvertEmptyStringsToNull->handle()
#32 /opt/lampp81/htdocs/projects/eGrocerAdminPanel-1.9.8/vendor/laravel/framework/src/Illuminate/Foundation/Http/Middleware/TransformsRequest.php(21): Illuminate\\Pipeline\\Pipeline->Illuminate\\Pipeline\\{closure}()
#33 /opt/lampp81/htdocs/projects/eGrocerAdminPanel-1.9.8/vendor/laravel/framework/src/Illuminate/Foundation/Http/Middleware/TrimStrings.php(40): Illuminate\\Foundation\\Http\\Middleware\\TransformsRequest->handle()
#34 /opt/lampp81/htdocs/projects/eGrocerAdminPanel-1.9.8/vendor/laravel/framework/src/Illuminate/Pipeline/Pipeline.php(167): Illuminate\\Foundation\\Http\\Middleware\\TrimStrings->handle()
#35 /opt/lampp81/htdocs/projects/eGrocerAdminPanel-1.9.8/vendor/laravel/framework/src/Illuminate/Foundation/Http/Middleware/ValidatePostSize.php(27): Illuminate\\Pipeline\\Pipeline->Illuminate\\Pipeline\\{closure}()
#36 /opt/lampp81/htdocs/projects/eGrocerAdminPanel-1.9.8/vendor/laravel/framework/src/Illuminate/Pipeline/Pipeline.php(167): Illuminate\\Foundation\\Http\\Middleware\\ValidatePostSize->handle()
#37 /opt/lampp81/htdocs/projects/eGrocerAdminPanel-1.9.8/vendor/laravel/framework/src/Illuminate/Foundation/Http/Middleware/PreventRequestsDuringMaintenance.php(86): Illuminate\\Pipeline\\Pipeline->Illuminate\\Pipeline\\{closure}()
#38 /opt/lampp81/htdocs/projects/eGrocerAdminPanel-1.9.8/vendor/laravel/framework/src/Illuminate/Pipeline/Pipeline.php(167): Illuminate\\Foundation\\Http\\Middleware\\PreventRequestsDuringMaintenance->handle()
#39 /opt/lampp81/htdocs/projects/eGrocerAdminPanel-1.9.8/vendor/laravel/framework/src/Illuminate/Http/Middleware/TrustProxies.php(39): Illuminate\\Pipeline\\Pipeline->Illuminate\\Pipeline\\{closure}()
#40 /opt/lampp81/htdocs/projects/eGrocerAdminPanel-1.9.8/vendor/laravel/framework/src/Illuminate/Pipeline/Pipeline.php(167): Illuminate\\Http\\Middleware\\TrustProxies->handle()
#41 /opt/lampp81/htdocs/projects/eGrocerAdminPanel-1.9.8/vendor/laravel/framework/src/Illuminate/Pipeline/Pipeline.php(103): Illuminate\\Pipeline\\Pipeline->Illuminate\\Pipeline\\{closure}()
#42 /opt/lampp81/htdocs/projects/eGrocerAdminPanel-1.9.8/vendor/laravel/framework/src/Illuminate/Foundation/Http/Kernel.php(142): Illuminate\\Pipeline\\Pipeline->then()
#43 /opt/lampp81/htdocs/projects/eGrocerAdminPanel-1.9.8/vendor/laravel/framework/src/Illuminate/Foundation/Http/Kernel.php(111): Illuminate\\Foundation\\Http\\Kernel->sendRequestThroughRouter()
#44 /opt/lampp81/htdocs/projects/eGrocerAdminPanel-1.9.8/public/index.php(60): Illuminate\\Foundation\\Http\\Kernel->handle()
#45 /opt/lampp81/htdocs/projects/eGrocerAdminPanel-1.9.8/server.php(21): require_once('...')
#46 {main}
"} 
[2024-03-27 13:14:17] development.ERROR: Register delivery_boy status send mail error ["Failed to authenticate on SMTP server with username \"info.egrocer@gmail.com\" using 3 possible authenticators. Authenticator LOGIN returned Expected response code 235 but got code \"534\", with message \"534-5.7.9 Application-specific password required. For more information, go to\r\n534 5.7.9  https://support.google.com/mail/?p=InvalidSecondFactor y1-20020a17090322c100b001e043df262dsm8960896plg.33 - gsmtp\r\n\". Authenticator PLAIN returned Expected response code 235 but got code \"534\", with message \"534-5.7.9 Application-specific password required. For more information, go to\r\n534 5.7.9  https://support.google.com/mail/?p=InvalidSecondFactor y1-20020a17090322c100b001e043df262dsm8960896plg.33 - gsmtp\r\n\". Authenticator XOAUTH2 returned Expected response code 250 but got code \"535\", with message \"535-5.7.8 Username and Password not accepted. For more information, go to\r\n535 5.7.8  https://support.google.com/mail/?p=BadCredentials y1-20020a17090322c100b001e043df262dsm8960896plg.33 - gsmtp\r\n\"."] 
[2024-03-27 13:14:42] development.ERROR: Approve delivery_boy status send mail error ["Failed to authenticate on SMTP server with username \"info.egrocer@gmail.com\" using 3 possible authenticators. Authenticator LOGIN returned Expected response code 235 but got code \"534\", with message \"534-5.7.9 Application-specific password required. For more information, go to\r\n534 5.7.9  https://support.google.com/mail/?p=InvalidSecondFactor sr16-20020a17090b4e9000b0029facfb3f25sm1604010pjb.45 - gsmtp\r\n\". Authenticator PLAIN returned Expected response code 235 but got code \"534\", with message \"534-5.7.9 Application-specific password required. For more information, go to\r\n534 5.7.9  https://support.google.com/mail/?p=InvalidSecondFactor sr16-20020a17090b4e9000b0029facfb3f25sm1604010pjb.45 - gsmtp\r\n\". Authenticator XOAUTH2 returned Expected response code 250 but got code \"535\", with message \"535-5.7.8 Username and Password not accepted. For more information, go to\r\n535 5.7.8  https://support.google.com/mail/?p=BadCredentials sr16-20020a17090b4e9000b0029facfb3f25sm1604010pjb.45 - gsmtp\r\n\"."] 
